[ 2015-04-11T10:40:30+08:00 ] 127.0.0.1 /shop/home/goods/showcart
INFO: [ app_begin ] --START--
INFO: Run Behavior\ReadHtmlCacheBehavior [ RunTime:0.002000s ]
INFO: [ app_begin ] --END-- [ RunTime:0.003000s ]
NOTIC: [8192] mysql_connect(): The mysql extension is deprecated and will be removed in the future: use mysqli or PDO instead C:\wamp\www\shop\ThinkPHP\Library\Think\Db\Driver\Mysql.class.php 第 52 行.
SQL: SHOW COLUMNS FROM shop.goods [ RunTime:0.004000s ]
NOTIC: [8] Use of undefined constant json - assumed 'json' C:\wamp\www\shop\Application\Home\Controller\GoodsController.class.php 第 131 行.

[ 2015-04-11T11:04:05+08:00 ] 127.0.0.1 /shop/home/goods/showcart
INFO: [ app_begin ] --START--
INFO: Run Behavior\ReadHtmlCacheBehavior [ RunTime:0.001000s ]
INFO: [ app_begin ] --END-- [ RunTime:0.001000s ]
NOTIC: [8192] mysql_connect(): The mysql extension is deprecated and will be removed in the future: use mysqli or PDO instead C:\wamp\www\shop\ThinkPHP\Library\Think\Db\Driver\Mysql.class.php 第 52 行.
SQL: SHOW COLUMNS FROM shop.goods [ RunTime:0.003000s ]
NOTIC: [8] Use of undefined constant json - assumed 'json' C:\wamp\www\shop\Application\Home\Controller\GoodsController.class.php 第 131 行.

[ 2015-04-11T14:46:29+08:00 ] 127.0.0.1 /shop/home/goods/showcart
INFO: [ app_begin ] --START--
INFO: Run Behavior\ReadHtmlCacheBehavior [ RunTime:0.001000s ]
INFO: [ app_begin ] --END-- [ RunTime:0.003000s ]
NOTIC: [8192] mysql_connect(): The mysql extension is deprecated and will be removed in the future: use mysqli or PDO instead C:\wamp\www\shop\ThinkPHP\Library\Think\Db\Driver\Mysql.class.php 第 52 行.
SQL: SHOW COLUMNS FROM shop.goods [ RunTime:0.006001s ]
NOTIC: [8] Use of undefined constant json - assumed 'json' C:\wamp\www\shop\Application\Home\Controller\GoodsController.class.php 第 131 行.

[ 2015-04-11T14:47:32+08:00 ] 127.0.0.1 /shop/home/goods/showcart
INFO: [ app_begin ] --START--
INFO: Run Behavior\ReadHtmlCacheBehavior [ RunTime:0.001000s ]
INFO: [ app_begin ] --END-- [ RunTime:0.002000s ]
NOTIC: [8192] mysql_connect(): The mysql extension is deprecated and will be removed in the future: use mysqli or PDO instead C:\wamp\www\shop\ThinkPHP\Library\Think\Db\Driver\Mysql.class.php 第 52 行.
SQL: SHOW COLUMNS FROM shop.goods [ RunTime:0.004000s ]
NOTIC: [8] Use of undefined constant json - assumed 'json' C:\wamp\www\shop\Application\Home\Controller\GoodsController.class.php 第 131 行.

[ 2015-04-11T14:47:33+08:00 ] 127.0.0.1 /shop/home/goods/showcart
INFO: [ app_begin ] --START--
INFO: Run Behavior\ReadHtmlCacheBehavior [ RunTime:0.001000s ]
INFO: [ app_begin ] --END-- [ RunTime:0.002000s ]
NOTIC: [8192] mysql_connect(): The mysql extension is deprecated and will be removed in the future: use mysqli or PDO instead C:\wamp\www\shop\ThinkPHP\Library\Think\Db\Driver\Mysql.class.php 第 52 行.
SQL: SHOW COLUMNS FROM shop.goods [ RunTime:0.006000s ]
NOTIC: [8] Use of undefined constant json - assumed 'json' C:\wamp\www\shop\Application\Home\Controller\GoodsController.class.php 第 131 行.

[ 2015-04-11T15:05:03+08:00 ] 127.0.0.1 /shop/u
ERR: 无法加载控制器:U

[ 2015-04-11T15:05:09+08:00 ] 127.0.0.1 /shop/login
ERR: 无法加载控制器:Login

[ 2015-04-11T15:06:13+08:00 ] 127.0.0.1 /shop/home/goods/showcart
INFO: [ app_begin ] --START--
INFO: Run Behavior\ReadHtmlCacheBehavior [ RunTime:0.001000s ]
INFO: [ app_begin ] --END-- [ RunTime:0.003000s ]
NOTIC: [8192] mysql_connect(): The mysql extension is deprecated and will be removed in the future: use mysqli or PDO instead C:\wamp\www\shop\ThinkPHP\Library\Think\Db\Driver\Mysql.class.php 第 52 行.
SQL: SHOW COLUMNS FROM shop.goods [ RunTime:0.006001s ]
NOTIC: [8] Use of undefined constant json - assumed 'json' C:\wamp\www\shop\Application\Home\Controller\GoodsController.class.php 第 131 行.

[ 2015-04-11T15:07:29+08:00 ] 127.0.0.1 /shop/home/goods/showcart
INFO: [ app_begin ] --START--
INFO: Run Behavior\ReadHtmlCacheBehavior [ RunTime:0.001000s ]
INFO: [ app_begin ] --END-- [ RunTime:0.003000s ]
NOTIC: [8192] mysql_connect(): The mysql extension is deprecated and will be removed in the future: use mysqli or PDO instead C:\wamp\www\shop\ThinkPHP\Library\Think\Db\Driver\Mysql.class.php 第 52 行.
SQL: SHOW COLUMNS FROM shop.goods [ RunTime:0.004000s ]
NOTIC: [8] Use of undefined constant json - assumed 'json' C:\wamp\www\shop\Application\Home\Controller\GoodsController.class.php 第 131 行.

[ 2015-04-11T15:07:33+08:00 ] 127.0.0.1 /shop/home/goods/showcart
INFO: [ app_begin ] --START--
INFO: Run Behavior\ReadHtmlCacheBehavior [ RunTime:0.001001s ]
INFO: [ app_begin ] --END-- [ RunTime:0.002001s ]
NOTIC: [8192] mysql_connect(): The mysql extension is deprecated and will be removed in the future: use mysqli or PDO instead C:\wamp\www\shop\ThinkPHP\Library\Think\Db\Driver\Mysql.class.php 第 52 行.
SQL: SHOW COLUMNS FROM shop.goods [ RunTime:0.008001s ]
NOTIC: [8] Use of undefined constant json - assumed 'json' C:\wamp\www\shop\Application\Home\Controller\GoodsController.class.php 第 131 行.

[ 2015-04-11T15:36:43+08:00 ] 127.0.0.1 /shop/home/goods/showcart
INFO: [ app_begin ] --START--
INFO: Run Behavior\ReadHtmlCacheBehavior [ RunTime:0.002000s ]
INFO: [ app_begin ] --END-- [ RunTime:0.003000s ]
NOTIC: [8192] mysql_connect(): The mysql extension is deprecated and will be removed in the future: use mysqli or PDO instead C:\wamp\www\shop\ThinkPHP\Library\Think\Db\Driver\Mysql.class.php 第 52 行.
SQL: SHOW COLUMNS FROM shop.goods [ RunTime:0.007001s ]
NOTIC: [8] Use of undefined constant json - assumed 'json' C:\wamp\www\shop\Application\Home\Controller\GoodsController.class.php 第 131 行.

[ 2015-04-11T15:39:33+08:00 ] 127.0.0.1 /shop/home/goods/showcart
INFO: [ app_begin ] --START--
INFO: Run Behavior\ReadHtmlCacheBehavior [ RunTime:0.002000s ]
INFO: [ app_begin ] --END-- [ RunTime:0.002000s ]
NOTIC: [8192] mysql_connect(): The mysql extension is deprecated and will be removed in the future: use mysqli or PDO instead C:\wamp\www\shop\ThinkPHP\Library\Think\Db\Driver\Mysql.class.php 第 52 行.
SQL: SHOW COLUMNS FROM shop.goods [ RunTime:0.006001s ]
NOTIC: [8] Use of undefined constant json - assumed 'json' C:\wamp\www\shop\Application\Home\Controller\GoodsController.class.php 第 131 行.

[ 2015-04-11T17:13:05+08:00 ] 127.0.0.1 /shop/home/goods/showcart
INFO: [ app_begin ] --START--
INFO: Run Behavior\ReadHtmlCacheBehavior [ RunTime:0.001000s ]
INFO: [ app_begin ] --END-- [ RunTime:0.003000s ]
NOTIC: [8192] mysql_connect(): The mysql extension is deprecated and will be removed in the future: use mysqli or PDO instead C:\wamp\www\shop\ThinkPHP\Library\Think\Db\Driver\Mysql.class.php 第 52 行.
SQL: SHOW COLUMNS FROM shop.goods [ RunTime:0.004000s ]
NOTIC: [8] Use of undefined constant json - assumed 'json' C:\wamp\www\shop\Application\Home\Controller\GoodsController.class.php 第 131 行.

[ 2015-04-11T17:13:08+08:00 ] 127.0.0.1 /shop/home/goods/showcart
INFO: [ app_begin ] --START--
INFO: Run Behavior\ReadHtmlCacheBehavior [ RunTime:0.003000s ]
INFO: [ app_begin ] --END-- [ RunTime:0.003000s ]
NOTIC: [8192] mysql_connect(): The mysql extension is deprecated and will be removed in the future: use mysqli or PDO instead C:\wamp\www\shop\ThinkPHP\Library\Think\Db\Driver\Mysql.class.php 第 52 行.
SQL: SHOW COLUMNS FROM shop.goods [ RunTime:0.006000s ]
NOTIC: [8] Use of undefined constant json - assumed 'json' C:\wamp\www\shop\Application\Home\Controller\GoodsController.class.php 第 131 行.

[ 2015-04-11T17:13:09+08:00 ] 127.0.0.1 /shop/home/goods/showcart
INFO: [ app_begin ] --START--
INFO: Run Behavior\ReadHtmlCacheBehavior [ RunTime:0.002000s ]
INFO: [ app_begin ] --END-- [ RunTime:0.002000s ]
NOTIC: [8192] mysql_connect(): The mysql extension is deprecated and will be removed in the future: use mysqli or PDO instead C:\wamp\www\shop\ThinkPHP\Library\Think\Db\Driver\Mysql.class.php 第 52 行.
SQL: SHOW COLUMNS FROM shop.goods [ RunTime:0.006000s ]
NOTIC: [8] Use of undefined constant json - assumed 'json' C:\wamp\www\shop\Application\Home\Controller\GoodsController.class.php 第 131 行.

[ 2015-04-11T17:13:11+08:00 ] 127.0.0.1 /shop/home/goods/showcart
INFO: [ app_begin ] --START--
INFO: Run Behavior\ReadHtmlCacheBehavior [ RunTime:0.001000s ]
INFO: [ app_begin ] --END-- [ RunTime:0.002000s ]
NOTIC: [8192] mysql_connect(): The mysql extension is deprecated and will be removed in the future: use mysqli or PDO instead C:\wamp\www\shop\ThinkPHP\Library\Think\Db\Driver\Mysql.class.php 第 52 行.
SQL: SHOW COLUMNS FROM shop.goods [ RunTime:0.004000s ]
NOTIC: [8] Use of undefined constant json - assumed 'json' C:\wamp\www\shop\Application\Home\Controller\GoodsController.class.php 第 131 行.

[ 2015-04-11T17:13:25+08:00 ] 127.0.0.1 /shop/home/user/check_verify
INFO: [ app_begin ] --START--
INFO: Run Behavior\ReadHtmlCacheBehavior [ RunTime:0.001000s ]
INFO: [ app_begin ] --END-- [ RunTime:0.002000s ]
NOTIC: [8] Use of undefined constant json - assumed 'json' C:\wamp\www\shop\Application\Home\Controller\UserController.class.php 第 39 行.

[ 2015-04-11T17:13:25+08:00 ] 127.0.0.1 /shop/home/user/check_verify
INFO: [ app_begin ] --START--
INFO: Run Behavior\ReadHtmlCacheBehavior [ RunTime:0.001000s ]
INFO: [ app_begin ] --END-- [ RunTime:0.001000s ]
NOTIC: [8] Use of undefined constant json - assumed 'json' C:\wamp\www\shop\Application\Home\Controller\UserController.class.php 第 39 行.

[ 2015-04-11T17:13:27+08:00 ] 127.0.0.1 /shop/home/user/login
INFO: [ app_begin ] --START--
INFO: Run Behavior\ReadHtmlCacheBehavior [ RunTime:0.001000s ]
INFO: [ app_begin ] --END-- [ RunTime:0.001000s ]
NOTIC: [2048] Declaration of Home\Model\UserModel::add() should be compatible with Think\Model::add($data = '', $options = Array, $replace = false) C:\wamp\www\shop\Application\Home\Model\UserModel.class.php 第 5 行.
NOTIC: [2048] Declaration of Home\Model\UserModel::check() should be compatible with Think\Model::check($value, $rule, $type = 'regex') C:\wamp\www\shop\Application\Home\Model\UserModel.class.php 第 5 行.
NOTIC: [8192] mysql_connect(): The mysql extension is deprecated and will be removed in the future: use mysqli or PDO instead C:\wamp\www\shop\ThinkPHP\Library\Think\Db\Driver\Mysql.class.php 第 52 行.
SQL: SHOW COLUMNS FROM shop.user [ RunTime:0.005000s ]
NOTIC: [8] Use of undefined constant password - assumed 'password' C:\wamp\www\shop\Application\Home\Model\UserModel.class.php 第 21 行.
NOTIC: [8] Use of undefined constant json - assumed 'json' C:\wamp\www\shop\Application\Home\Controller\UserController.class.php 第 14 行.

[ 2015-04-11T17:13:28+08:00 ] 127.0.0.1 /shop/home/goods/showcart
INFO: [ app_begin ] --START--
INFO: Run Behavior\ReadHtmlCacheBehavior [ RunTime:0.001000s ]
INFO: [ app_begin ] --END-- [ RunTime:0.002000s ]
NOTIC: [8192] mysql_connect(): The mysql extension is deprecated and will be removed in the future: use mysqli or PDO instead C:\wamp\www\shop\ThinkPHP\Library\Think\Db\Driver\Mysql.class.php 第 52 行.
SQL: SHOW COLUMNS FROM shop.goods [ RunTime:0.004000s ]
NOTIC: [8] Use of undefined constant json - assumed 'json' C:\wamp\www\shop\Application\Home\Controller\GoodsController.class.php 第 131 行.

[ 2015-04-11T18:26:04+08:00 ] 127.0.0.1 /shop/home/goods/showcart
INFO: [ app_begin ] --START--
INFO: Run Behavior\ReadHtmlCacheBehavior [ RunTime:0.001000s ]
INFO: [ app_begin ] --END-- [ RunTime:0.002000s ]
NOTIC: [8192] mysql_connect(): The mysql extension is deprecated and will be removed in the future: use mysqli or PDO instead C:\wamp\www\shop\ThinkPHP\Library\Think\Db\Driver\Mysql.class.php 第 52 行.
SQL: SHOW COLUMNS FROM shop.goods [ RunTime:0.005001s ]
NOTIC: [8] Use of undefined constant json - assumed 'json' C:\wamp\www\shop\Application\Home\Controller\GoodsController.class.php 第 131 行.

[ 2015-04-11T18:50:43+08:00 ] 127.0.0.1 /shop/home/goods/showcart
INFO: [ app_begin ] --START--
INFO: Run Behavior\ReadHtmlCacheBehavior [ RunTime:0.001000s ]
INFO: [ app_begin ] --END-- [ RunTime:0.002000s ]
NOTIC: [8192] mysql_connect(): The mysql extension is deprecated and will be removed in the future: use mysqli or PDO instead C:\wamp\www\shop\ThinkPHP\Library\Think\Db\Driver\Mysql.class.php 第 52 行.
SQL: SHOW COLUMNS FROM shop.goods [ RunTime:0.006001s ]
NOTIC: [8] Use of undefined constant json - assumed 'json' C:\wamp\www\shop\Application\Home\Controller\GoodsController.class.php 第 131 行.

[ 2015-04-11T18:50:44+08:00 ] 127.0.0.1 /shop/home/goods/showcart
INFO: [ app_begin ] --START--
INFO: Run Behavior\ReadHtmlCacheBehavior [ RunTime:0.001000s ]
INFO: [ app_begin ] --END-- [ RunTime:0.002000s ]
NOTIC: [8192] mysql_connect(): The mysql extension is deprecated and will be removed in the future: use mysqli or PDO instead C:\wamp\www\shop\ThinkPHP\Library\Think\Db\Driver\Mysql.class.php 第 52 行.
SQL: SHOW COLUMNS FROM shop.goods [ RunTime:0.005000s ]
NOTIC: [8] Use of undefined constant json - assumed 'json' C:\wamp\www\shop\Application\Home\Controller\GoodsController.class.php 第 131 行.

[ 2015-04-11T19:39:51+08:00 ] 127.0.0.1 /shop/home/goods/showcart
INFO: [ app_begin ] --START--
INFO: Run Behavior\ReadHtmlCacheBehavior [ RunTime:0.000000s ]
INFO: [ app_begin ] --END-- [ RunTime:0.002001s ]
NOTIC: [8192] mysql_connect(): The mysql extension is deprecated and will be removed in the future: use mysqli or PDO instead C:\wamp\www\shop\ThinkPHP\Library\Think\Db\Driver\Mysql.class.php 第 52 行.
SQL: SHOW COLUMNS FROM shop.goods [ RunTime:0.004000s ]
NOTIC: [8] Use of undefined constant json - assumed 'json' C:\wamp\www\shop\Application\Home\Controller\GoodsController.class.php 第 131 行.

[ 2015-04-11T21:45:04+08:00 ] 127.0.0.1 /shop/home/goods/showcart
INFO: [ app_begin ] --START--
INFO: Run Behavior\ReadHtmlCacheBehavior [ RunTime:0.001000s ]
INFO: [ app_begin ] --END-- [ RunTime:0.002000s ]
NOTIC: [8192] mysql_connect(): The mysql extension is deprecated and will be removed in the future: use mysqli or PDO instead C:\wamp\www\shop\ThinkPHP\Library\Think\Db\Driver\Mysql.class.php 第 52 行.
SQL: SHOW COLUMNS FROM shop.goods [ RunTime:0.004000s ]
NOTIC: [8] Use of undefined constant json - assumed 'json' C:\wamp\www\shop\Application\Home\Controller\GoodsController.class.php 第 131 行.

[ 2015-04-11T21:45:06+08:00 ] 127.0.0.1 /shop/home/goods/showcart
INFO: [ app_begin ] --START--
INFO: Run Behavior\ReadHtmlCacheBehavior [ RunTime:0.002000s ]
INFO: [ app_begin ] --END-- [ RunTime:0.003000s ]
NOTIC: [8192] mysql_connect(): The mysql extension is deprecated and will be removed in the future: use mysqli or PDO instead C:\wamp\www\shop\ThinkPHP\Library\Think\Db\Driver\Mysql.class.php 第 52 行.
SQL: SHOW COLUMNS FROM shop.goods [ RunTime:0.005000s ]
NOTIC: [8] Use of undefined constant json - assumed 'json' C:\wamp\www\shop\Application\Home\Controller\GoodsController.class.php 第 131 行.

[ 2015-04-11T21:45:11+08:00 ] 127.0.0.1 /shop/home/user/check_verify
INFO: [ app_begin ] --START--
INFO: Run Behavior\ReadHtmlCacheBehavior [ RunTime:0.002000s ]
INFO: [ app_begin ] --END-- [ RunTime:0.003000s ]
NOTIC: [8] Use of undefined constant json - assumed 'json' C:\wamp\www\shop\Application\Home\Controller\UserController.class.php 第 39 行.

[ 2015-04-11T21:45:11+08:00 ] 127.0.0.1 /shop/home/user/login
INFO: [ app_begin ] --START--
INFO: Run Behavior\ReadHtmlCacheBehavior [ RunTime:0.000000s ]
INFO: [ app_begin ] --END-- [ RunTime:0.002000s ]
NOTIC: [2048] Declaration of Home\Model\UserModel::add() should be compatible with Think\Model::add($data = '', $options = Array, $replace = false) C:\wamp\www\shop\Application\Home\Model\UserModel.class.php 第 5 行.
NOTIC: [2048] Declaration of Home\Model\UserModel::check() should be compatible with Think\Model::check($value, $rule, $type = 'regex') C:\wamp\www\shop\Application\Home\Model\UserModel.class.php 第 5 行.
NOTIC: [8192] mysql_connect(): The mysql extension is deprecated and will be removed in the future: use mysqli or PDO instead C:\wamp\www\shop\ThinkPHP\Library\Think\Db\Driver\Mysql.class.php 第 52 行.
SQL: SHOW COLUMNS FROM shop.user [ RunTime:0.004000s ]
NOTIC: [8] Use of undefined constant password - assumed 'password' C:\wamp\www\shop\Application\Home\Model\UserModel.class.php 第 21 行.
NOTIC: [8] Use of undefined constant json - assumed 'json' C:\wamp\www\shop\Application\Home\Controller\UserController.class.php 第 14 行.

[ 2015-04-11T21:45:11+08:00 ] 127.0.0.1 /shop/home/goods/showcart
INFO: [ app_begin ] --START--
INFO: Run Behavior\ReadHtmlCacheBehavior [ RunTime:0.001000s ]
INFO: [ app_begin ] --END-- [ RunTime:0.002000s ]
NOTIC: [8192] mysql_connect(): The mysql extension is deprecated and will be removed in the future: use mysqli or PDO instead C:\wamp\www\shop\ThinkPHP\Library\Think\Db\Driver\Mysql.class.php 第 52 行.
SQL: SHOW COLUMNS FROM shop.goods [ RunTime:0.007001s ]
NOTIC: [8] Use of undefined constant json - assumed 'json' C:\wamp\www\shop\Application\Home\Controller\GoodsController.class.php 第 131 行.

[ 2015-04-11T21:45:34+08:00 ] 127.0.0.1 /shop/home/goods/showcart
INFO: [ app_begin ] --START--
INFO: Run Behavior\ReadHtmlCacheBehavior [ RunTime:0.002000s ]
INFO: [ app_begin ] --END-- [ RunTime:0.003000s ]
NOTIC: [8192] mysql_connect(): The mysql extension is deprecated and will be removed in the future: use mysqli or PDO instead C:\wamp\www\shop\ThinkPHP\Library\Think\Db\Driver\Mysql.class.php 第 52 行.
SQL: SHOW COLUMNS FROM shop.goods [ RunTime:0.005001s ]
NOTIC: [8] Use of undefined constant json - assumed 'json' C:\wamp\www\shop\Application\Home\Controller\GoodsController.class.php 第 131 行.

