[ 2015-03-15T10:59:02+08:00 ] 127.0.0.1 /shop/home/user/check_verify
INFO: [ app_begin ] --START--
INFO: Run Behavior\ReadHtmlCacheBehavior [ RunTime:0.001000s ]
INFO: [ app_begin ] --END-- [ RunTime:0.001000s ]
NOTIC: [8] Use of undefined constant json - assumed 'json' C:\wamp\www\shop\Application\Home\Controller\UserController.class.php 第 39 行.

[ 2015-03-15T10:59:04+08:00 ] 127.0.0.1 /shop/home/user/login
INFO: [ app_begin ] --START--
INFO: Run Behavior\ReadHtmlCacheBehavior [ RunTime:0.001000s ]
INFO: [ app_begin ] --END-- [ RunTime:0.002000s ]
NOTIC: [2048] Declaration of Home\Model\UserModel::add() should be compatible with Think\Model::add($data = '', $options = Array, $replace = false) C:\wamp\www\shop\Application\Home\Model\UserModel.class.php 第 5 行.
NOTIC: [2048] Declaration of Home\Model\UserModel::check() should be compatible with Think\Model::check($value, $rule, $type = 'regex') C:\wamp\www\shop\Application\Home\Model\UserModel.class.php 第 5 行.
NOTIC: [8192] mysql_connect(): The mysql extension is deprecated and will be removed in the future: use mysqli or PDO instead C:\wamp\www\shop\ThinkPHP\Library\Think\Db\Driver\Mysql.class.php 第 52 行.
SQL: SHOW COLUMNS FROM shop.user [ RunTime:0.031001s ]
NOTIC: [8] Use of undefined constant password - assumed 'password' C:\wamp\www\shop\Application\Home\Model\UserModel.class.php 第 21 行.
NOTIC: [8] Use of undefined constant json - assumed 'json' C:\wamp\www\shop\Application\Home\Controller\UserController.class.php 第 14 行.

[ 2015-03-15T13:08:56+08:00 ] 127.0.0.1 /shop/home/goods/rele
ERR: 非法操作:rele

[ 2015-03-15T14:31:56+08:00 ] 127.0.0.1 /shop/home/user/check_verify
INFO: [ app_begin ] --START--
INFO: Run Behavior\ReadHtmlCacheBehavior [ RunTime:0.001000s ]
INFO: [ app_begin ] --END-- [ RunTime:0.001000s ]
NOTIC: [8] Use of undefined constant json - assumed 'json' C:\wamp\www\shop\Application\Home\Controller\UserController.class.php 第 39 行.

[ 2015-03-15T14:31:57+08:00 ] 127.0.0.1 /shop/home/user/login
INFO: [ app_begin ] --START--
INFO: Run Behavior\ReadHtmlCacheBehavior [ RunTime:0.000000s ]
INFO: [ app_begin ] --END-- [ RunTime:0.001000s ]
NOTIC: [2048] Declaration of Home\Model\UserModel::add() should be compatible with Think\Model::add($data = '', $options = Array, $replace = false) C:\wamp\www\shop\Application\Home\Model\UserModel.class.php 第 5 行.
NOTIC: [2048] Declaration of Home\Model\UserModel::check() should be compatible with Think\Model::check($value, $rule, $type = 'regex') C:\wamp\www\shop\Application\Home\Model\UserModel.class.php 第 5 行.
NOTIC: [8192] mysql_connect(): The mysql extension is deprecated and will be removed in the future: use mysqli or PDO instead C:\wamp\www\shop\ThinkPHP\Library\Think\Db\Driver\Mysql.class.php 第 52 行.
SQL: SHOW COLUMNS FROM shop.user [ RunTime:0.003000s ]
NOTIC: [8] Use of undefined constant password - assumed 'password' C:\wamp\www\shop\Application\Home\Model\UserModel.class.php 第 21 行.
NOTIC: [8] Use of undefined constant json - assumed 'json' C:\wamp\www\shop\Application\Home\Controller\UserController.class.php 第 14 行.

[ 2015-03-15T20:04:06+08:00 ] 127.0.0.1 /shop/home/goods/upload
INFO: [ app_begin ] --START--
INFO: Run Behavior\ReadHtmlCacheBehavior [ RunTime:0.001000s ]
INFO: [ app_begin ] --END-- [ RunTime:0.002000s ]
NOTIC: [2048] Declaration of Home\Controller\GoodsController::show() should be compatible with Think\Controller::show($content, $charset = '', $contentType = '', $prefix = '') C:\wamp\www\shop\Application\Home\Controller\GoodsController.class.php 第 36 行.
NOTIC: [8] Use of undefined constant json - assumed 'json' C:\wamp\www\shop\Application\Home\Controller\GoodsController.class.php 第 25 行.

[ 2015-03-15T20:04:12+08:00 ] 127.0.0.1 /shop/home/goods/upload
INFO: [ app_begin ] --START--
INFO: Run Behavior\ReadHtmlCacheBehavior [ RunTime:0.001000s ]
INFO: [ app_begin ] --END-- [ RunTime:0.003000s ]
NOTIC: [2048] Declaration of Home\Controller\GoodsController::show() should be compatible with Think\Controller::show($content, $charset = '', $contentType = '', $prefix = '') C:\wamp\www\shop\Application\Home\Controller\GoodsController.class.php 第 36 行.
NOTIC: [8] Use of undefined constant json - assumed 'json' C:\wamp\www\shop\Application\Home\Controller\GoodsController.class.php 第 25 行.

[ 2015-03-15T20:04:48+08:00 ] 127.0.0.1 /shop/home/goods/upload
INFO: [ app_begin ] --START--
INFO: Run Behavior\ReadHtmlCacheBehavior [ RunTime:0.000000s ]
INFO: [ app_begin ] --END-- [ RunTime:0.002001s ]
NOTIC: [2048] Declaration of Home\Controller\GoodsController::show() should be compatible with Think\Controller::show($content, $charset = '', $contentType = '', $prefix = '') C:\wamp\www\shop\Application\Home\Controller\GoodsController.class.php 第 36 行.
NOTIC: [8] Use of undefined constant json - assumed 'json' C:\wamp\www\shop\Application\Home\Controller\GoodsController.class.php 第 25 行.

[ 2015-03-15T20:05:26+08:00 ] 127.0.0.1 /shop/home/goods/upload
INFO: [ app_begin ] --START--
INFO: Run Behavior\ReadHtmlCacheBehavior [ RunTime:0.001000s ]
INFO: [ app_begin ] --END-- [ RunTime:0.002000s ]
NOTIC: [2048] Declaration of Home\Controller\GoodsController::show() should be compatible with Think\Controller::show($content, $charset = '', $contentType = '', $prefix = '') C:\wamp\www\shop\Application\Home\Controller\GoodsController.class.php 第 37 行.
NOTIC: [8] Use of undefined constant json - assumed 'json' C:\wamp\www\shop\Application\Home\Controller\GoodsController.class.php 第 26 行.

[ 2015-03-15T20:13:58+08:00 ] 127.0.0.1 /shop/home/goods/upload
INFO: [ app_begin ] --START--
INFO: Run Behavior\ReadHtmlCacheBehavior [ RunTime:0.001000s ]
INFO: [ app_begin ] --END-- [ RunTime:0.001000s ]
NOTIC: [2048] Declaration of Home\Controller\GoodsController::show() should be compatible with Think\Controller::show($content, $charset = '', $contentType = '', $prefix = '') C:\wamp\www\shop\Application\Home\Controller\GoodsController.class.php 第 37 行.
NOTIC: [8] Use of undefined constant json - assumed 'json' C:\wamp\www\shop\Application\Home\Controller\GoodsController.class.php 第 26 行.

[ 2015-03-15T20:15:15+08:00 ] 127.0.0.1 /shop/home/goods/upload
INFO: [ app_begin ] --START--
INFO: Run Behavior\ReadHtmlCacheBehavior [ RunTime:0.001000s ]
INFO: [ app_begin ] --END-- [ RunTime:0.002001s ]
NOTIC: [2048] Declaration of Home\Controller\GoodsController::show() should be compatible with Think\Controller::show($content, $charset = '', $contentType = '', $prefix = '') C:\wamp\www\shop\Application\Home\Controller\GoodsController.class.php 第 37 行.
NOTIC: [8] Use of undefined constant json - assumed 'json' C:\wamp\www\shop\Application\Home\Controller\GoodsController.class.php 第 26 行.

[ 2015-03-15T20:20:34+08:00 ] 127.0.0.1 /shop/home/goods/upload
INFO: [ app_begin ] --START--
INFO: Run Behavior\ReadHtmlCacheBehavior [ RunTime:0.001000s ]
INFO: [ app_begin ] --END-- [ RunTime:0.001000s ]
NOTIC: [2048] Declaration of Home\Controller\GoodsController::show() should be compatible with Think\Controller::show($content, $charset = '', $contentType = '', $prefix = '') C:\wamp\www\shop\Application\Home\Controller\GoodsController.class.php 第 36 行.
NOTIC: [8] Use of undefined constant json - assumed 'json' C:\wamp\www\shop\Application\Home\Controller\GoodsController.class.php 第 25 行.

[ 2015-03-15T20:20:36+08:00 ] 127.0.0.1 /shop/home/goods/upload
INFO: [ app_begin ] --START--
INFO: Run Behavior\ReadHtmlCacheBehavior [ RunTime:0.001000s ]
INFO: [ app_begin ] --END-- [ RunTime:0.001000s ]
NOTIC: [2048] Declaration of Home\Controller\GoodsController::show() should be compatible with Think\Controller::show($content, $charset = '', $contentType = '', $prefix = '') C:\wamp\www\shop\Application\Home\Controller\GoodsController.class.php 第 36 行.
NOTIC: [8] Use of undefined constant json - assumed 'json' C:\wamp\www\shop\Application\Home\Controller\GoodsController.class.php 第 25 行.

[ 2015-03-15T22:11:32+08:00 ] 127.0.0.1 /shop/index.php/Home/Goods/ajaximg
ERR: 非法操作:ajaximg

[ 2015-03-15T22:11:39+08:00 ] 127.0.0.1 /shop/index.php/Home/Goods/ajaximg
ERR: 非法操作:ajaximg

[ 2015-03-15T22:11:52+08:00 ] 127.0.0.1 /shop/index.php/Home/Goods/ajaximg
ERR: 非法操作:ajaximg

