[ 2015-04-16T18:13:01+08:00 ] 127.0.0.1 /shop
ERR: 无法加载控制器:Shop

[ 2015-04-16T18:13:05+08:00 ] 127.0.0.1 /home/goods/showcart
INFO: [ app_begin ] --START--
INFO: Run Behavior\ReadHtmlCacheBehavior [ RunTime:0.001000s ]
INFO: [ app_begin ] --END-- [ RunTime:0.002000s ]
NOTIC: [8192] mysql_connect(): The mysql extension is deprecated and will be removed in the future: use mysqli or PDO instead C:\wamp\www\ThinkPHP\Library\Think\Db\Driver\Mysql.class.php 第 52 行.
SQL: SHOW COLUMNS FROM shop.goods [ RunTime:0.005000s ]
NOTIC: [8] Use of undefined constant json - assumed 'json' C:\wamp\www\Application\Home\Controller\GoodsController.class.php 第 133 行.

[ 2015-04-16T18:13:31+08:00 ] 127.0.0.1 /home/goods/showcart
INFO: [ app_begin ] --START--
INFO: Run Behavior\ReadHtmlCacheBehavior [ RunTime:0.001000s ]
INFO: [ app_begin ] --END-- [ RunTime:0.002000s ]
NOTIC: [8192] mysql_connect(): The mysql extension is deprecated and will be removed in the future: use mysqli or PDO instead C:\wamp\www\ThinkPHP\Library\Think\Db\Driver\Mysql.class.php 第 52 行.
SQL: SHOW COLUMNS FROM shop.goods [ RunTime:0.006000s ]
NOTIC: [8] Use of undefined constant json - assumed 'json' C:\wamp\www\Application\Home\Controller\GoodsController.class.php 第 133 行.

[ 2015-04-16T18:13:34+08:00 ] 127.0.0.1 /home/goods/showcart
INFO: [ app_begin ] --START--
INFO: Run Behavior\ReadHtmlCacheBehavior [ RunTime:0.001000s ]
INFO: [ app_begin ] --END-- [ RunTime:0.002000s ]
NOTIC: [8192] mysql_connect(): The mysql extension is deprecated and will be removed in the future: use mysqli or PDO instead C:\wamp\www\ThinkPHP\Library\Think\Db\Driver\Mysql.class.php 第 52 行.
SQL: SHOW COLUMNS FROM shop.goods [ RunTime:0.006001s ]
NOTIC: [8] Use of undefined constant json - assumed 'json' C:\wamp\www\Application\Home\Controller\GoodsController.class.php 第 133 行.

[ 2015-04-16T18:14:00+08:00 ] 127.0.0.1 /home/goods/showcart
INFO: [ app_begin ] --START--
INFO: Run Behavior\ReadHtmlCacheBehavior [ RunTime:0.001000s ]
INFO: [ app_begin ] --END-- [ RunTime:0.002000s ]
NOTIC: [8192] mysql_connect(): The mysql extension is deprecated and will be removed in the future: use mysqli or PDO instead C:\wamp\www\ThinkPHP\Library\Think\Db\Driver\Mysql.class.php 第 52 行.
SQL: SHOW COLUMNS FROM shop.goods [ RunTime:0.004000s ]
NOTIC: [8] Use of undefined constant json - assumed 'json' C:\wamp\www\Application\Home\Controller\GoodsController.class.php 第 133 行.

[ 2015-04-16T18:14:02+08:00 ] 127.0.0.1 /home/goods/showcart
INFO: [ app_begin ] --START--
INFO: Run Behavior\ReadHtmlCacheBehavior [ RunTime:0.001000s ]
INFO: [ app_begin ] --END-- [ RunTime:0.002000s ]
NOTIC: [8192] mysql_connect(): The mysql extension is deprecated and will be removed in the future: use mysqli or PDO instead C:\wamp\www\ThinkPHP\Library\Think\Db\Driver\Mysql.class.php 第 52 行.
SQL: SHOW COLUMNS FROM shop.goods [ RunTime:0.004001s ]
NOTIC: [8] Use of undefined constant json - assumed 'json' C:\wamp\www\Application\Home\Controller\GoodsController.class.php 第 133 行.

[ 2015-04-16T18:14:07+08:00 ] 127.0.0.1 /home/goods/showcart
INFO: [ app_begin ] --START--
INFO: Run Behavior\ReadHtmlCacheBehavior [ RunTime:0.001000s ]
INFO: [ app_begin ] --END-- [ RunTime:0.003000s ]
NOTIC: [8192] mysql_connect(): The mysql extension is deprecated and will be removed in the future: use mysqli or PDO instead C:\wamp\www\ThinkPHP\Library\Think\Db\Driver\Mysql.class.php 第 52 行.
SQL: SHOW COLUMNS FROM shop.goods [ RunTime:0.005001s ]
NOTIC: [8] Use of undefined constant json - assumed 'json' C:\wamp\www\Application\Home\Controller\GoodsController.class.php 第 133 行.

[ 2015-04-16T18:14:31+08:00 ] 127.0.0.1 /home/goods/showcart
INFO: [ app_begin ] --START--
INFO: Run Behavior\ReadHtmlCacheBehavior [ RunTime:0.003000s ]
INFO: [ app_begin ] --END-- [ RunTime:0.005000s ]
NOTIC: [8192] mysql_connect(): The mysql extension is deprecated and will be removed in the future: use mysqli or PDO instead C:\wamp\www\ThinkPHP\Library\Think\Db\Driver\Mysql.class.php 第 52 行.
SQL: SHOW COLUMNS FROM shop.goods [ RunTime:0.005001s ]
NOTIC: [8] Use of undefined constant json - assumed 'json' C:\wamp\www\Application\Home\Controller\GoodsController.class.php 第 133 行.

[ 2015-04-16T18:17:26+08:00 ] 127.0.0.1 /home/goods/showcart
INFO: [ app_begin ] --START--
INFO: Run Behavior\ReadHtmlCacheBehavior [ RunTime:0.002000s ]
INFO: [ app_begin ] --END-- [ RunTime:0.002000s ]
NOTIC: [8192] mysql_connect(): The mysql extension is deprecated and will be removed in the future: use mysqli or PDO instead C:\wamp\www\ThinkPHP\Library\Think\Db\Driver\Mysql.class.php 第 52 行.
SQL: SHOW COLUMNS FROM shop.goods [ RunTime:0.010000s ]
NOTIC: [8] Use of undefined constant json - assumed 'json' C:\wamp\www\Application\Home\Controller\GoodsController.class.php 第 133 行.

[ 2015-04-16T18:53:08+08:00 ] 127.0.0.1 /home/goods/showcart
INFO: [ app_begin ] --START--
INFO: Run Behavior\ReadHtmlCacheBehavior [ RunTime:0.001000s ]
INFO: [ app_begin ] --END-- [ RunTime:0.002000s ]
NOTIC: [8192] mysql_connect(): The mysql extension is deprecated and will be removed in the future: use mysqli or PDO instead C:\wamp\www\ThinkPHP\Library\Think\Db\Driver\Mysql.class.php 第 52 行.
SQL: SHOW COLUMNS FROM shop.goods [ RunTime:0.005000s ]
NOTIC: [8] Use of undefined constant json - assumed 'json' C:\wamp\www\Application\Home\Controller\GoodsController.class.php 第 133 行.

[ 2015-04-16T19:47:38+08:00 ] 127.0.0.1 /home/goods/showcart
INFO: [ app_begin ] --START--
INFO: Run Behavior\ReadHtmlCacheBehavior [ RunTime:0.001000s ]
INFO: [ app_begin ] --END-- [ RunTime:0.001000s ]
NOTIC: [8192] mysql_connect(): The mysql extension is deprecated and will be removed in the future: use mysqli or PDO instead C:\wamp\www\ThinkPHP\Library\Think\Db\Driver\Mysql.class.php 第 52 行.
SQL: SHOW COLUMNS FROM shop.goods [ RunTime:0.006000s ]
NOTIC: [8] Use of undefined constant json - assumed 'json' C:\wamp\www\Application\Home\Controller\GoodsController.class.php 第 133 行.

[ 2015-04-16T20:04:26+08:00 ] 127.0.0.1 /shop/public/ume/
ERR: 无法加载控制器:Shop

[ 2015-04-16T20:04:54+08:00 ] 127.0.0.1 /shop/public/ume/
ERR: 无法加载控制器:Shop

[ 2015-04-16T20:06:10+08:00 ] 127.0.0.1 /shop/public/ume/
ERR: 无法加载控制器:Shop

[ 2015-04-16T20:33:54+08:00 ] 127.0.0.1 /home/goods/showcart
INFO: [ app_begin ] --START--
INFO: Run Behavior\ReadHtmlCacheBehavior [ RunTime:0.002000s ]
INFO: [ app_begin ] --END-- [ RunTime:0.003000s ]
NOTIC: [8192] mysql_connect(): The mysql extension is deprecated and will be removed in the future: use mysqli or PDO instead C:\wamp\www\ThinkPHP\Library\Think\Db\Driver\Mysql.class.php 第 52 行.
SQL: SHOW COLUMNS FROM shop.goods [ RunTime:0.005001s ]
NOTIC: [8] Use of undefined constant json - assumed 'json' C:\wamp\www\Application\Home\Controller\GoodsController.class.php 第 133 行.

[ 2015-04-16T20:34:04+08:00 ] 127.0.0.1 /home/goods/showcart
INFO: [ app_begin ] --START--
INFO: Run Behavior\ReadHtmlCacheBehavior [ RunTime:0.001000s ]
INFO: [ app_begin ] --END-- [ RunTime:0.002000s ]
NOTIC: [8192] mysql_connect(): The mysql extension is deprecated and will be removed in the future: use mysqli or PDO instead C:\wamp\www\ThinkPHP\Library\Think\Db\Driver\Mysql.class.php 第 52 行.
SQL: SHOW COLUMNS FROM shop.goods [ RunTime:0.004000s ]
NOTIC: [8] Use of undefined constant json - assumed 'json' C:\wamp\www\Application\Home\Controller\GoodsController.class.php 第 133 行.

[ 2015-04-16T20:34:10+08:00 ] 127.0.0.1 /home/goods/showcart
INFO: [ app_begin ] --START--
INFO: Run Behavior\ReadHtmlCacheBehavior [ RunTime:0.003000s ]
INFO: [ app_begin ] --END-- [ RunTime:0.004000s ]
NOTIC: [8192] mysql_connect(): The mysql extension is deprecated and will be removed in the future: use mysqli or PDO instead C:\wamp\www\ThinkPHP\Library\Think\Db\Driver\Mysql.class.php 第 52 行.
SQL: SHOW COLUMNS FROM shop.goods [ RunTime:0.008000s ]
NOTIC: [8] Use of undefined constant json - assumed 'json' C:\wamp\www\Application\Home\Controller\GoodsController.class.php 第 133 行.

[ 2015-04-16T20:34:40+08:00 ] 127.0.0.1 /home/goods/showcart
INFO: [ app_begin ] --START--
INFO: Run Behavior\ReadHtmlCacheBehavior [ RunTime:0.002000s ]
INFO: [ app_begin ] --END-- [ RunTime:0.003000s ]
NOTIC: [8192] mysql_connect(): The mysql extension is deprecated and will be removed in the future: use mysqli or PDO instead C:\wamp\www\ThinkPHP\Library\Think\Db\Driver\Mysql.class.php 第 52 行.
SQL: SHOW COLUMNS FROM shop.goods [ RunTime:0.006001s ]
NOTIC: [8] Use of undefined constant json - assumed 'json' C:\wamp\www\Application\Home\Controller\GoodsController.class.php 第 133 行.

[ 2015-04-16T20:34:42+08:00 ] 127.0.0.1 /home/goods/showcart
INFO: [ app_begin ] --START--
INFO: Run Behavior\ReadHtmlCacheBehavior [ RunTime:0.002001s ]
INFO: [ app_begin ] --END-- [ RunTime:0.003001s ]
NOTIC: [8192] mysql_connect(): The mysql extension is deprecated and will be removed in the future: use mysqli or PDO instead C:\wamp\www\ThinkPHP\Library\Think\Db\Driver\Mysql.class.php 第 52 行.
SQL: SHOW COLUMNS FROM shop.goods [ RunTime:0.004001s ]
NOTIC: [8] Use of undefined constant json - assumed 'json' C:\wamp\www\Application\Home\Controller\GoodsController.class.php 第 133 行.

[ 2015-04-16T20:34:46+08:00 ] 127.0.0.1 /home/goods/showcart
INFO: [ app_begin ] --START--
INFO: Run Behavior\ReadHtmlCacheBehavior [ RunTime:0.001000s ]
INFO: [ app_begin ] --END-- [ RunTime:0.001000s ]
NOTIC: [8192] mysql_connect(): The mysql extension is deprecated and will be removed in the future: use mysqli or PDO instead C:\wamp\www\ThinkPHP\Library\Think\Db\Driver\Mysql.class.php 第 52 行.
SQL: SHOW COLUMNS FROM shop.goods [ RunTime:0.006000s ]
NOTIC: [8] Use of undefined constant json - assumed 'json' C:\wamp\www\Application\Home\Controller\GoodsController.class.php 第 133 行.

[ 2015-04-16T20:34:55+08:00 ] 127.0.0.1 /home/goods/showcart
INFO: [ app_begin ] --START--
INFO: Run Behavior\ReadHtmlCacheBehavior [ RunTime:0.001000s ]
INFO: [ app_begin ] --END-- [ RunTime:0.003000s ]
NOTIC: [8192] mysql_connect(): The mysql extension is deprecated and will be removed in the future: use mysqli or PDO instead C:\wamp\www\ThinkPHP\Library\Think\Db\Driver\Mysql.class.php 第 52 行.
SQL: SHOW COLUMNS FROM shop.goods [ RunTime:0.005001s ]
NOTIC: [8] Use of undefined constant json - assumed 'json' C:\wamp\www\Application\Home\Controller\GoodsController.class.php 第 133 行.

[ 2015-04-16T20:34:56+08:00 ] 127.0.0.1 /home/goods/showcart
INFO: [ app_begin ] --START--
INFO: Run Behavior\ReadHtmlCacheBehavior [ RunTime:0.001000s ]
INFO: [ app_begin ] --END-- [ RunTime:0.003000s ]
NOTIC: [8192] mysql_connect(): The mysql extension is deprecated and will be removed in the future: use mysqli or PDO instead C:\wamp\www\ThinkPHP\Library\Think\Db\Driver\Mysql.class.php 第 52 行.
SQL: SHOW COLUMNS FROM shop.goods [ RunTime:0.006001s ]
NOTIC: [8] Use of undefined constant json - assumed 'json' C:\wamp\www\Application\Home\Controller\GoodsController.class.php 第 133 行.

[ 2015-04-16T20:35:05+08:00 ] 127.0.0.1 /home/goods/showcart
INFO: [ app_begin ] --START--
INFO: Run Behavior\ReadHtmlCacheBehavior [ RunTime:0.001000s ]
INFO: [ app_begin ] --END-- [ RunTime:0.002001s ]
NOTIC: [8192] mysql_connect(): The mysql extension is deprecated and will be removed in the future: use mysqli or PDO instead C:\wamp\www\ThinkPHP\Library\Think\Db\Driver\Mysql.class.php 第 52 行.
SQL: SHOW COLUMNS FROM shop.goods [ RunTime:0.007000s ]
NOTIC: [8] Use of undefined constant json - assumed 'json' C:\wamp\www\Application\Home\Controller\GoodsController.class.php 第 133 行.

[ 2015-04-16T20:35:16+08:00 ] 127.0.0.1 /home/goods/showcart
INFO: [ app_begin ] --START--
INFO: Run Behavior\ReadHtmlCacheBehavior [ RunTime:0.003001s ]
INFO: [ app_begin ] --END-- [ RunTime:0.004001s ]
NOTIC: [8192] mysql_connect(): The mysql extension is deprecated and will be removed in the future: use mysqli or PDO instead C:\wamp\www\ThinkPHP\Library\Think\Db\Driver\Mysql.class.php 第 52 行.
SQL: SHOW COLUMNS FROM shop.goods [ RunTime:0.068004s ]
NOTIC: [8] Use of undefined constant json - assumed 'json' C:\wamp\www\Application\Home\Controller\GoodsController.class.php 第 133 行.

[ 2015-04-16T20:35:18+08:00 ] 127.0.0.1 /home/goods/showcart
INFO: [ app_begin ] --START--
INFO: Run Behavior\ReadHtmlCacheBehavior [ RunTime:0.002000s ]
INFO: [ app_begin ] --END-- [ RunTime:0.003000s ]
NOTIC: [8192] mysql_connect(): The mysql extension is deprecated and will be removed in the future: use mysqli or PDO instead C:\wamp\www\ThinkPHP\Library\Think\Db\Driver\Mysql.class.php 第 52 行.
SQL: SHOW COLUMNS FROM shop.goods [ RunTime:0.004000s ]
NOTIC: [8] Use of undefined constant json - assumed 'json' C:\wamp\www\Application\Home\Controller\GoodsController.class.php 第 133 行.

[ 2015-04-16T20:35:23+08:00 ] 127.0.0.1 /home/goods/showcart
INFO: [ app_begin ] --START--
INFO: Run Behavior\ReadHtmlCacheBehavior [ RunTime:0.001000s ]
INFO: [ app_begin ] --END-- [ RunTime:0.002001s ]
NOTIC: [8192] mysql_connect(): The mysql extension is deprecated and will be removed in the future: use mysqli or PDO instead C:\wamp\www\ThinkPHP\Library\Think\Db\Driver\Mysql.class.php 第 52 行.
SQL: SHOW COLUMNS FROM shop.goods [ RunTime:0.006001s ]
NOTIC: [8] Use of undefined constant json - assumed 'json' C:\wamp\www\Application\Home\Controller\GoodsController.class.php 第 133 行.

[ 2015-04-16T20:35:26+08:00 ] 127.0.0.1 /home/goods/showcart
INFO: [ app_begin ] --START--
INFO: Run Behavior\ReadHtmlCacheBehavior [ RunTime:0.002001s ]
INFO: [ app_begin ] --END-- [ RunTime:0.003001s ]
NOTIC: [8192] mysql_connect(): The mysql extension is deprecated and will be removed in the future: use mysqli or PDO instead C:\wamp\www\ThinkPHP\Library\Think\Db\Driver\Mysql.class.php 第 52 行.
SQL: SHOW COLUMNS FROM shop.goods [ RunTime:0.006000s ]
NOTIC: [8] Use of undefined constant json - assumed 'json' C:\wamp\www\Application\Home\Controller\GoodsController.class.php 第 133 行.

[ 2015-04-16T20:35:50+08:00 ] 127.0.0.1 /home/goods/showcart
INFO: [ app_begin ] --START--
INFO: Run Behavior\ReadHtmlCacheBehavior [ RunTime:0.002000s ]
INFO: [ app_begin ] --END-- [ RunTime:0.002000s ]
NOTIC: [8192] mysql_connect(): The mysql extension is deprecated and will be removed in the future: use mysqli or PDO instead C:\wamp\www\ThinkPHP\Library\Think\Db\Driver\Mysql.class.php 第 52 行.
SQL: SHOW COLUMNS FROM shop.goods [ RunTime:0.006000s ]
NOTIC: [8] Use of undefined constant json - assumed 'json' C:\wamp\www\Application\Home\Controller\GoodsController.class.php 第 133 行.

[ 2015-04-16T20:36:09+08:00 ] 127.0.0.1 /home/goods/showcart
INFO: [ app_begin ] --START--
INFO: Run Behavior\ReadHtmlCacheBehavior [ RunTime:0.002000s ]
INFO: [ app_begin ] --END-- [ RunTime:0.003000s ]
NOTIC: [8192] mysql_connect(): The mysql extension is deprecated and will be removed in the future: use mysqli or PDO instead C:\wamp\www\ThinkPHP\Library\Think\Db\Driver\Mysql.class.php 第 52 行.
SQL: SHOW COLUMNS FROM shop.goods [ RunTime:0.005000s ]
NOTIC: [8] Use of undefined constant json - assumed 'json' C:\wamp\www\Application\Home\Controller\GoodsController.class.php 第 133 行.

[ 2015-04-16T20:36:34+08:00 ] 127.0.0.1 /home/goods/showcart
INFO: [ app_begin ] --START--
INFO: Run Behavior\ReadHtmlCacheBehavior [ RunTime:0.001000s ]
INFO: [ app_begin ] --END-- [ RunTime:0.002000s ]
NOTIC: [8192] mysql_connect(): The mysql extension is deprecated and will be removed in the future: use mysqli or PDO instead C:\wamp\www\ThinkPHP\Library\Think\Db\Driver\Mysql.class.php 第 52 行.
SQL: SHOW COLUMNS FROM shop.goods [ RunTime:0.004000s ]
NOTIC: [8] Use of undefined constant json - assumed 'json' C:\wamp\www\Application\Home\Controller\GoodsController.class.php 第 133 行.

[ 2015-04-16T20:36:36+08:00 ] 127.0.0.1 /home/goods/showcart
INFO: [ app_begin ] --START--
INFO: Run Behavior\ReadHtmlCacheBehavior [ RunTime:0.001000s ]
INFO: [ app_begin ] --END-- [ RunTime:0.003000s ]
NOTIC: [8192] mysql_connect(): The mysql extension is deprecated and will be removed in the future: use mysqli or PDO instead C:\wamp\www\ThinkPHP\Library\Think\Db\Driver\Mysql.class.php 第 52 行.
SQL: SHOW COLUMNS FROM shop.goods [ RunTime:0.005000s ]
NOTIC: [8] Use of undefined constant json - assumed 'json' C:\wamp\www\Application\Home\Controller\GoodsController.class.php 第 133 行.

[ 2015-04-16T20:36:36+08:00 ] 127.0.0.1 /home/goods/showcart
INFO: [ app_begin ] --START--
INFO: Run Behavior\ReadHtmlCacheBehavior [ RunTime:0.001000s ]
INFO: [ app_begin ] --END-- [ RunTime:0.002000s ]
NOTIC: [8192] mysql_connect(): The mysql extension is deprecated and will be removed in the future: use mysqli or PDO instead C:\wamp\www\ThinkPHP\Library\Think\Db\Driver\Mysql.class.php 第 52 行.
SQL: SHOW COLUMNS FROM shop.goods [ RunTime:0.007000s ]
NOTIC: [8] Use of undefined constant json - assumed 'json' C:\wamp\www\Application\Home\Controller\GoodsController.class.php 第 133 行.

[ 2015-04-16T20:36:39+08:00 ] 127.0.0.1 /home/goods/showcart
INFO: [ app_begin ] --START--
INFO: Run Behavior\ReadHtmlCacheBehavior [ RunTime:0.002000s ]
INFO: [ app_begin ] --END-- [ RunTime:0.003000s ]
NOTIC: [8192] mysql_connect(): The mysql extension is deprecated and will be removed in the future: use mysqli or PDO instead C:\wamp\www\ThinkPHP\Library\Think\Db\Driver\Mysql.class.php 第 52 行.
SQL: SHOW COLUMNS FROM shop.goods [ RunTime:0.006001s ]
NOTIC: [8] Use of undefined constant json - assumed 'json' C:\wamp\www\Application\Home\Controller\GoodsController.class.php 第 133 行.

[ 2015-04-16T20:36:44+08:00 ] 127.0.0.1 /home/goods/showcart
INFO: [ app_begin ] --START--
INFO: Run Behavior\ReadHtmlCacheBehavior [ RunTime:0.001000s ]
INFO: [ app_begin ] --END-- [ RunTime:0.002000s ]
NOTIC: [8192] mysql_connect(): The mysql extension is deprecated and will be removed in the future: use mysqli or PDO instead C:\wamp\www\ThinkPHP\Library\Think\Db\Driver\Mysql.class.php 第 52 行.
SQL: SHOW COLUMNS FROM shop.goods [ RunTime:0.004000s ]
NOTIC: [8] Use of undefined constant json - assumed 'json' C:\wamp\www\Application\Home\Controller\GoodsController.class.php 第 133 行.

[ 2015-04-16T20:45:03+08:00 ] 127.0.0.1 /home/goods/showcart
INFO: [ app_begin ] --START--
INFO: Run Behavior\ReadHtmlCacheBehavior [ RunTime:0.002000s ]
INFO: [ app_begin ] --END-- [ RunTime:0.003000s ]
NOTIC: [8192] mysql_connect(): The mysql extension is deprecated and will be removed in the future: use mysqli or PDO instead C:\wamp\www\ThinkPHP\Library\Think\Db\Driver\Mysql.class.php 第 52 行.
SQL: SHOW COLUMNS FROM shop.goods [ RunTime:0.005001s ]
NOTIC: [8] Use of undefined constant json - assumed 'json' C:\wamp\www\Application\Home\Controller\GoodsController.class.php 第 133 行.

[ 2015-04-16T20:45:04+08:00 ] 127.0.0.1 /home/goods/showcart
INFO: [ app_begin ] --START--
INFO: Run Behavior\ReadHtmlCacheBehavior [ RunTime:0.002000s ]
INFO: [ app_begin ] --END-- [ RunTime:0.003001s ]
NOTIC: [8192] mysql_connect(): The mysql extension is deprecated and will be removed in the future: use mysqli or PDO instead C:\wamp\www\ThinkPHP\Library\Think\Db\Driver\Mysql.class.php 第 52 行.
SQL: SHOW COLUMNS FROM shop.goods [ RunTime:0.008001s ]
NOTIC: [8] Use of undefined constant json - assumed 'json' C:\wamp\www\Application\Home\Controller\GoodsController.class.php 第 133 行.

[ 2015-04-16T20:45:12+08:00 ] 127.0.0.1 /home/goods/showcart
INFO: [ app_begin ] --START--
INFO: Run Behavior\ReadHtmlCacheBehavior [ RunTime:0.003000s ]
INFO: [ app_begin ] --END-- [ RunTime:0.004000s ]
NOTIC: [8192] mysql_connect(): The mysql extension is deprecated and will be removed in the future: use mysqli or PDO instead C:\wamp\www\ThinkPHP\Library\Think\Db\Driver\Mysql.class.php 第 52 行.
SQL: SHOW COLUMNS FROM shop.goods [ RunTime:0.005001s ]
NOTIC: [8] Use of undefined constant json - assumed 'json' C:\wamp\www\Application\Home\Controller\GoodsController.class.php 第 133 行.

[ 2015-04-16T20:45:18+08:00 ] 127.0.0.1 /home/goods/showcart
INFO: [ app_begin ] --START--
INFO: Run Behavior\ReadHtmlCacheBehavior [ RunTime:0.000000s ]
INFO: [ app_begin ] --END-- [ RunTime:0.000000s ]
NOTIC: [8192] mysql_connect(): The mysql extension is deprecated and will be removed in the future: use mysqli or PDO instead C:\wamp\www\ThinkPHP\Library\Think\Db\Driver\Mysql.class.php 第 52 行.
SQL: SHOW COLUMNS FROM shop.goods [ RunTime:0.015600s ]
NOTIC: [8] Use of undefined constant json - assumed 'json' C:\wamp\www\Application\Home\Controller\GoodsController.class.php 第 133 行.

[ 2015-04-16T20:45:37+08:00 ] 127.0.0.1 /home/goods/showcart
INFO: [ app_begin ] --START--
INFO: Run Behavior\ReadHtmlCacheBehavior [ RunTime:0.002000s ]
INFO: [ app_begin ] --END-- [ RunTime:0.002000s ]
NOTIC: [8192] mysql_connect(): The mysql extension is deprecated and will be removed in the future: use mysqli or PDO instead C:\wamp\www\ThinkPHP\Library\Think\Db\Driver\Mysql.class.php 第 52 行.
SQL: SHOW COLUMNS FROM shop.goods [ RunTime:0.006000s ]
NOTIC: [8] Use of undefined constant json - assumed 'json' C:\wamp\www\Application\Home\Controller\GoodsController.class.php 第 133 行.

[ 2015-04-16T20:45:42+08:00 ] 127.0.0.1 /home/goods/showcart
INFO: [ app_begin ] --START--
INFO: Run Behavior\ReadHtmlCacheBehavior [ RunTime:0.002000s ]
INFO: [ app_begin ] --END-- [ RunTime:0.004000s ]
NOTIC: [8192] mysql_connect(): The mysql extension is deprecated and will be removed in the future: use mysqli or PDO instead C:\wamp\www\ThinkPHP\Library\Think\Db\Driver\Mysql.class.php 第 52 行.
SQL: SHOW COLUMNS FROM shop.goods [ RunTime:0.005001s ]
NOTIC: [8] Use of undefined constant json - assumed 'json' C:\wamp\www\Application\Home\Controller\GoodsController.class.php 第 133 行.

[ 2015-04-16T20:45:44+08:00 ] 127.0.0.1 /home/goods/showcart
INFO: [ app_begin ] --START--
INFO: Run Behavior\ReadHtmlCacheBehavior [ RunTime:0.002000s ]
INFO: [ app_begin ] --END-- [ RunTime:0.003000s ]
NOTIC: [8192] mysql_connect(): The mysql extension is deprecated and will be removed in the future: use mysqli or PDO instead C:\wamp\www\ThinkPHP\Library\Think\Db\Driver\Mysql.class.php 第 52 行.
SQL: SHOW COLUMNS FROM shop.goods [ RunTime:0.007000s ]
NOTIC: [8] Use of undefined constant json - assumed 'json' C:\wamp\www\Application\Home\Controller\GoodsController.class.php 第 133 行.

[ 2015-04-16T20:46:01+08:00 ] 127.0.0.1 /home/goods/showcart
INFO: [ app_begin ] --START--
INFO: Run Behavior\ReadHtmlCacheBehavior [ RunTime:0.001000s ]
INFO: [ app_begin ] --END-- [ RunTime:0.003000s ]
NOTIC: [8192] mysql_connect(): The mysql extension is deprecated and will be removed in the future: use mysqli or PDO instead C:\wamp\www\ThinkPHP\Library\Think\Db\Driver\Mysql.class.php 第 52 行.
SQL: SHOW COLUMNS FROM shop.goods [ RunTime:0.004000s ]
NOTIC: [8] Use of undefined constant json - assumed 'json' C:\wamp\www\Application\Home\Controller\GoodsController.class.php 第 133 行.

[ 2015-04-16T20:46:04+08:00 ] 127.0.0.1 /home/goods/showcart
INFO: [ app_begin ] --START--
INFO: Run Behavior\ReadHtmlCacheBehavior [ RunTime:0.003000s ]
INFO: [ app_begin ] --END-- [ RunTime:0.005000s ]
NOTIC: [8192] mysql_connect(): The mysql extension is deprecated and will be removed in the future: use mysqli or PDO instead C:\wamp\www\ThinkPHP\Library\Think\Db\Driver\Mysql.class.php 第 52 行.
SQL: SHOW COLUMNS FROM shop.goods [ RunTime:0.006001s ]
NOTIC: [8] Use of undefined constant json - assumed 'json' C:\wamp\www\Application\Home\Controller\GoodsController.class.php 第 133 行.

[ 2015-04-16T20:55:26+08:00 ] 127.0.0.1 /home/goods/showcart
INFO: [ app_begin ] --START--
INFO: Run Behavior\ReadHtmlCacheBehavior [ RunTime:0.002000s ]
INFO: [ app_begin ] --END-- [ RunTime:0.005000s ]
NOTIC: [8192] mysql_connect(): The mysql extension is deprecated and will be removed in the future: use mysqli or PDO instead C:\wamp\www\ThinkPHP\Library\Think\Db\Driver\Mysql.class.php 第 52 行.
SQL: SHOW COLUMNS FROM shop.goods [ RunTime:0.005000s ]
NOTIC: [8] Use of undefined constant json - assumed 'json' C:\wamp\www\Application\Home\Controller\GoodsController.class.php 第 133 行.

[ 2015-04-16T20:56:01+08:00 ] 127.0.0.1 /home/goods/showcart
INFO: [ app_begin ] --START--
INFO: Run Behavior\ReadHtmlCacheBehavior [ RunTime:0.002000s ]
INFO: [ app_begin ] --END-- [ RunTime:0.003000s ]
NOTIC: [8192] mysql_connect(): The mysql extension is deprecated and will be removed in the future: use mysqli or PDO instead C:\wamp\www\ThinkPHP\Library\Think\Db\Driver\Mysql.class.php 第 52 行.
SQL: SHOW COLUMNS FROM shop.goods [ RunTime:0.006000s ]
NOTIC: [8] Use of undefined constant json - assumed 'json' C:\wamp\www\Application\Home\Controller\GoodsController.class.php 第 133 行.

[ 2015-04-16T20:59:05+08:00 ] 127.0.0.1 /home/index/user_product?del=28
ERR: 模板不存在:./Application/Home/View/http///localhost/admin/index/content.html

[ 2015-04-16T21:18:02+08:00 ] 127.0.0.1 /ifr_status/
ERR: 无法加载控制器:Ifr_status

[ 2015-04-16T21:18:02+08:00 ] 127.0.0.1 /ifr_status/
ERR: 无法加载控制器:Ifr_status

