[ 2015-04-14T13:04:53+08:00 ] 127.0.0.1 /home/goods/showcart
INFO: [ app_begin ] --START--
INFO: Run Behavior\ReadHtmlCacheBehavior [ RunTime:0.001001s ]
INFO: [ app_begin ] --END-- [ RunTime:0.002001s ]
NOTIC: [8192] mysql_connect(): The mysql extension is deprecated and will be removed in the future: use mysqli or PDO instead C:\wamp\www\ThinkPHP\Library\Think\Db\Driver\Mysql.class.php 第 52 行.
SQL: SHOW COLUMNS FROM shop.goods [ RunTime:0.005000s ]
NOTIC: [8] Use of undefined constant json - assumed 'json' C:\wamp\www\Application\Home\Controller\GoodsController.class.php 第 130 行.

[ 2015-04-14T13:04:59+08:00 ] 127.0.0.1 /1.html
ERR: 无法加载控制器:1

[ 2015-04-14T15:04:03+08:00 ] 127.0.0.1 /home/goods/showcart
INFO: [ app_begin ] --START--
INFO: Run Behavior\ReadHtmlCacheBehavior [ RunTime:0.001000s ]
INFO: [ app_begin ] --END-- [ RunTime:0.003000s ]
NOTIC: [8192] mysql_connect(): The mysql extension is deprecated and will be removed in the future: use mysqli or PDO instead C:\wamp\www\ThinkPHP\Library\Think\Db\Driver\Mysql.class.php 第 52 行.
SQL: SHOW COLUMNS FROM shop.goods [ RunTime:0.006000s ]
NOTIC: [8] Use of undefined constant json - assumed 'json' C:\wamp\www\Application\Home\Controller\GoodsController.class.php 第 130 行.

[ 2015-04-14T15:04:05+08:00 ] 127.0.0.1 /home/goods/showcart
INFO: [ app_begin ] --START--
INFO: Run Behavior\ReadHtmlCacheBehavior [ RunTime:0.001000s ]
INFO: [ app_begin ] --END-- [ RunTime:0.001000s ]
NOTIC: [8192] mysql_connect(): The mysql extension is deprecated and will be removed in the future: use mysqli or PDO instead C:\wamp\www\ThinkPHP\Library\Think\Db\Driver\Mysql.class.php 第 52 行.
SQL: SHOW COLUMNS FROM shop.goods [ RunTime:0.006000s ]
NOTIC: [8] Use of undefined constant json - assumed 'json' C:\wamp\www\Application\Home\Controller\GoodsController.class.php 第 130 行.

[ 2015-04-14T15:12:36+08:00 ] 127.0.0.1 /home/goods/showcart
INFO: [ app_begin ] --START--
INFO: Run Behavior\ReadHtmlCacheBehavior [ RunTime:0.002000s ]
INFO: [ app_begin ] --END-- [ RunTime:0.003000s ]
NOTIC: [8192] mysql_connect(): The mysql extension is deprecated and will be removed in the future: use mysqli or PDO instead C:\wamp\www\ThinkPHP\Library\Think\Db\Driver\Mysql.class.php 第 52 行.
SQL: SHOW COLUMNS FROM shop.goods [ RunTime:0.006000s ]
NOTIC: [8] Use of undefined constant json - assumed 'json' C:\wamp\www\Application\Home\Controller\GoodsController.class.php 第 130 行.

[ 2015-04-14T15:12:57+08:00 ] 127.0.0.1 /home/goods/showcart
INFO: [ app_begin ] --START--
INFO: Run Behavior\ReadHtmlCacheBehavior [ RunTime:0.001000s ]
INFO: [ app_begin ] --END-- [ RunTime:0.002000s ]
NOTIC: [8192] mysql_connect(): The mysql extension is deprecated and will be removed in the future: use mysqli or PDO instead C:\wamp\www\ThinkPHP\Library\Think\Db\Driver\Mysql.class.php 第 52 行.
SQL: SHOW COLUMNS FROM shop.goods [ RunTime:0.006001s ]
NOTIC: [8] Use of undefined constant json - assumed 'json' C:\wamp\www\Application\Home\Controller\GoodsController.class.php 第 130 行.

[ 2015-04-14T15:12:58+08:00 ] 127.0.0.1 /home/goods/showcart
INFO: [ app_begin ] --START--
INFO: Run Behavior\ReadHtmlCacheBehavior [ RunTime:0.002000s ]
INFO: [ app_begin ] --END-- [ RunTime:0.003000s ]
NOTIC: [8192] mysql_connect(): The mysql extension is deprecated and will be removed in the future: use mysqli or PDO instead C:\wamp\www\ThinkPHP\Library\Think\Db\Driver\Mysql.class.php 第 52 行.
SQL: SHOW COLUMNS FROM shop.goods [ RunTime:0.005000s ]
NOTIC: [8] Use of undefined constant json - assumed 'json' C:\wamp\www\Application\Home\Controller\GoodsController.class.php 第 130 行.

[ 2015-04-14T15:12:58+08:00 ] 127.0.0.1 /home/goods/showcart
INFO: [ app_begin ] --START--
INFO: Run Behavior\ReadHtmlCacheBehavior [ RunTime:0.001000s ]
INFO: [ app_begin ] --END-- [ RunTime:0.002000s ]
NOTIC: [8192] mysql_connect(): The mysql extension is deprecated and will be removed in the future: use mysqli or PDO instead C:\wamp\www\ThinkPHP\Library\Think\Db\Driver\Mysql.class.php 第 52 行.
SQL: SHOW COLUMNS FROM shop.goods [ RunTime:0.004000s ]
NOTIC: [8] Use of undefined constant json - assumed 'json' C:\wamp\www\Application\Home\Controller\GoodsController.class.php 第 130 行.

[ 2015-04-14T15:12:59+08:00 ] 127.0.0.1 /home/goods/showcart
INFO: [ app_begin ] --START--
INFO: Run Behavior\ReadHtmlCacheBehavior [ RunTime:0.002000s ]
INFO: [ app_begin ] --END-- [ RunTime:0.003000s ]
NOTIC: [8192] mysql_connect(): The mysql extension is deprecated and will be removed in the future: use mysqli or PDO instead C:\wamp\www\ThinkPHP\Library\Think\Db\Driver\Mysql.class.php 第 52 行.
SQL: SHOW COLUMNS FROM shop.goods [ RunTime:0.005000s ]
NOTIC: [8] Use of undefined constant json - assumed 'json' C:\wamp\www\Application\Home\Controller\GoodsController.class.php 第 130 行.

[ 2015-04-14T15:29:39+08:00 ] 127.0.0.1 /home/goods/showcart
INFO: [ app_begin ] --START--
INFO: Run Behavior\ReadHtmlCacheBehavior [ RunTime:0.001000s ]
INFO: [ app_begin ] --END-- [ RunTime:0.001000s ]
NOTIC: [8192] mysql_connect(): The mysql extension is deprecated and will be removed in the future: use mysqli or PDO instead C:\wamp\www\ThinkPHP\Library\Think\Db\Driver\Mysql.class.php 第 52 行.
SQL: SHOW COLUMNS FROM shop.goods [ RunTime:0.005001s ]
NOTIC: [8] Use of undefined constant json - assumed 'json' C:\wamp\www\Application\Home\Controller\GoodsController.class.php 第 130 行.

[ 2015-04-14T15:29:50+08:00 ] 127.0.0.1 /home/goods/showcart
INFO: [ app_begin ] --START--
INFO: Run Behavior\ReadHtmlCacheBehavior [ RunTime:0.001000s ]
INFO: [ app_begin ] --END-- [ RunTime:0.001000s ]
NOTIC: [8192] mysql_connect(): The mysql extension is deprecated and will be removed in the future: use mysqli or PDO instead C:\wamp\www\ThinkPHP\Library\Think\Db\Driver\Mysql.class.php 第 52 行.
SQL: SHOW COLUMNS FROM shop.goods [ RunTime:0.004000s ]
NOTIC: [8] Use of undefined constant json - assumed 'json' C:\wamp\www\Application\Home\Controller\GoodsController.class.php 第 130 行.

[ 2015-04-14T15:29:51+08:00 ] 127.0.0.1 /home/goods/showcart
INFO: [ app_begin ] --START--
INFO: Run Behavior\ReadHtmlCacheBehavior [ RunTime:0.001000s ]
INFO: [ app_begin ] --END-- [ RunTime:0.002000s ]
NOTIC: [8192] mysql_connect(): The mysql extension is deprecated and will be removed in the future: use mysqli or PDO instead C:\wamp\www\ThinkPHP\Library\Think\Db\Driver\Mysql.class.php 第 52 行.
SQL: SHOW COLUMNS FROM shop.goods [ RunTime:0.009001s ]
NOTIC: [8] Use of undefined constant json - assumed 'json' C:\wamp\www\Application\Home\Controller\GoodsController.class.php 第 130 行.

[ 2015-04-14T15:29:58+08:00 ] 127.0.0.1 /home/goods/showcart
INFO: [ app_begin ] --START--
INFO: Run Behavior\ReadHtmlCacheBehavior [ RunTime:0.001000s ]
INFO: [ app_begin ] --END-- [ RunTime:0.002000s ]
NOTIC: [8192] mysql_connect(): The mysql extension is deprecated and will be removed in the future: use mysqli or PDO instead C:\wamp\www\ThinkPHP\Library\Think\Db\Driver\Mysql.class.php 第 52 行.
SQL: SHOW COLUMNS FROM shop.goods [ RunTime:0.006000s ]
NOTIC: [8] Use of undefined constant json - assumed 'json' C:\wamp\www\Application\Home\Controller\GoodsController.class.php 第 130 行.

[ 2015-04-14T15:30:06+08:00 ] 127.0.0.1 /home/goods/showcart
INFO: [ app_begin ] --START--
INFO: Run Behavior\ReadHtmlCacheBehavior [ RunTime:0.001000s ]
INFO: [ app_begin ] --END-- [ RunTime:0.001000s ]
NOTIC: [8192] mysql_connect(): The mysql extension is deprecated and will be removed in the future: use mysqli or PDO instead C:\wamp\www\ThinkPHP\Library\Think\Db\Driver\Mysql.class.php 第 52 行.
SQL: SHOW COLUMNS FROM shop.goods [ RunTime:0.011000s ]
NOTIC: [8] Use of undefined constant json - assumed 'json' C:\wamp\www\Application\Home\Controller\GoodsController.class.php 第 130 行.

[ 2015-04-14T15:30:08+08:00 ] 127.0.0.1 /home/goods/showcart
INFO: [ app_begin ] --START--
INFO: Run Behavior\ReadHtmlCacheBehavior [ RunTime:0.001000s ]
INFO: [ app_begin ] --END-- [ RunTime:0.002000s ]
NOTIC: [8192] mysql_connect(): The mysql extension is deprecated and will be removed in the future: use mysqli or PDO instead C:\wamp\www\ThinkPHP\Library\Think\Db\Driver\Mysql.class.php 第 52 行.
SQL: SHOW COLUMNS FROM shop.goods [ RunTime:0.005000s ]
NOTIC: [8] Use of undefined constant json - assumed 'json' C:\wamp\www\Application\Home\Controller\GoodsController.class.php 第 130 行.

[ 2015-04-14T15:30:10+08:00 ] 127.0.0.1 /home/goods/showcart
INFO: [ app_begin ] --START--
INFO: Run Behavior\ReadHtmlCacheBehavior [ RunTime:0.001000s ]
INFO: [ app_begin ] --END-- [ RunTime:0.002000s ]
NOTIC: [8192] mysql_connect(): The mysql extension is deprecated and will be removed in the future: use mysqli or PDO instead C:\wamp\www\ThinkPHP\Library\Think\Db\Driver\Mysql.class.php 第 52 行.
SQL: SHOW COLUMNS FROM shop.goods [ RunTime:0.005000s ]
NOTIC: [8] Use of undefined constant json - assumed 'json' C:\wamp\www\Application\Home\Controller\GoodsController.class.php 第 130 行.

[ 2015-04-14T15:30:12+08:00 ] 127.0.0.1 /home/goods/showcart
INFO: [ app_begin ] --START--
INFO: Run Behavior\ReadHtmlCacheBehavior [ RunTime:0.001000s ]
INFO: [ app_begin ] --END-- [ RunTime:0.002000s ]
NOTIC: [8192] mysql_connect(): The mysql extension is deprecated and will be removed in the future: use mysqli or PDO instead C:\wamp\www\ThinkPHP\Library\Think\Db\Driver\Mysql.class.php 第 52 行.
SQL: SHOW COLUMNS FROM shop.goods [ RunTime:0.007001s ]
NOTIC: [8] Use of undefined constant json - assumed 'json' C:\wamp\www\Application\Home\Controller\GoodsController.class.php 第 130 行.

[ 2015-04-14T15:30:14+08:00 ] 127.0.0.1 /home/goods/showcart
INFO: [ app_begin ] --START--
INFO: Run Behavior\ReadHtmlCacheBehavior [ RunTime:0.000000s ]
INFO: [ app_begin ] --END-- [ RunTime:0.002000s ]
NOTIC: [8192] mysql_connect(): The mysql extension is deprecated and will be removed in the future: use mysqli or PDO instead C:\wamp\www\ThinkPHP\Library\Think\Db\Driver\Mysql.class.php 第 52 行.
SQL: SHOW COLUMNS FROM shop.goods [ RunTime:0.005000s ]
NOTIC: [8] Use of undefined constant json - assumed 'json' C:\wamp\www\Application\Home\Controller\GoodsController.class.php 第 130 行.

[ 2015-04-14T15:30:30+08:00 ] 127.0.0.1 /home/goods/showcart
INFO: [ app_begin ] --START--
INFO: Run Behavior\ReadHtmlCacheBehavior [ RunTime:0.000000s ]
INFO: [ app_begin ] --END-- [ RunTime:0.002000s ]
NOTIC: [8192] mysql_connect(): The mysql extension is deprecated and will be removed in the future: use mysqli or PDO instead C:\wamp\www\ThinkPHP\Library\Think\Db\Driver\Mysql.class.php 第 52 行.
SQL: SHOW COLUMNS FROM shop.goods [ RunTime:0.005000s ]
NOTIC: [8] Use of undefined constant json - assumed 'json' C:\wamp\www\Application\Home\Controller\GoodsController.class.php 第 130 行.

[ 2015-04-14T15:30:31+08:00 ] 127.0.0.1 /home/goods/showcart
INFO: [ app_begin ] --START--
INFO: Run Behavior\ReadHtmlCacheBehavior [ RunTime:0.001000s ]
INFO: [ app_begin ] --END-- [ RunTime:0.001000s ]
NOTIC: [8192] mysql_connect(): The mysql extension is deprecated and will be removed in the future: use mysqli or PDO instead C:\wamp\www\ThinkPHP\Library\Think\Db\Driver\Mysql.class.php 第 52 行.
SQL: SHOW COLUMNS FROM shop.goods [ RunTime:0.007000s ]
NOTIC: [8] Use of undefined constant json - assumed 'json' C:\wamp\www\Application\Home\Controller\GoodsController.class.php 第 130 行.

[ 2015-04-14T15:30:36+08:00 ] 127.0.0.1 /home/goods/showcart
INFO: [ app_begin ] --START--
INFO: Run Behavior\ReadHtmlCacheBehavior [ RunTime:0.001001s ]
INFO: [ app_begin ] --END-- [ RunTime:0.001001s ]
NOTIC: [8192] mysql_connect(): The mysql extension is deprecated and will be removed in the future: use mysqli or PDO instead C:\wamp\www\ThinkPHP\Library\Think\Db\Driver\Mysql.class.php 第 52 行.
SQL: SHOW COLUMNS FROM shop.goods [ RunTime:0.005000s ]
NOTIC: [8] Use of undefined constant json - assumed 'json' C:\wamp\www\Application\Home\Controller\GoodsController.class.php 第 130 行.

[ 2015-04-14T15:30:41+08:00 ] 127.0.0.1 /home/goods/showcart
INFO: [ app_begin ] --START--
INFO: Run Behavior\ReadHtmlCacheBehavior [ RunTime:0.001000s ]
INFO: [ app_begin ] --END-- [ RunTime:0.002000s ]
NOTIC: [8192] mysql_connect(): The mysql extension is deprecated and will be removed in the future: use mysqli or PDO instead C:\wamp\www\ThinkPHP\Library\Think\Db\Driver\Mysql.class.php 第 52 行.
SQL: SHOW COLUMNS FROM shop.goods [ RunTime:0.005000s ]
NOTIC: [8] Use of undefined constant json - assumed 'json' C:\wamp\www\Application\Home\Controller\GoodsController.class.php 第 130 行.

[ 2015-04-14T15:30:45+08:00 ] 127.0.0.1 /home/goods/showcart
INFO: [ app_begin ] --START--
INFO: Run Behavior\ReadHtmlCacheBehavior [ RunTime:0.001000s ]
INFO: [ app_begin ] --END-- [ RunTime:0.002000s ]
NOTIC: [8192] mysql_connect(): The mysql extension is deprecated and will be removed in the future: use mysqli or PDO instead C:\wamp\www\ThinkPHP\Library\Think\Db\Driver\Mysql.class.php 第 52 行.
SQL: SHOW COLUMNS FROM shop.goods [ RunTime:0.005001s ]
NOTIC: [8] Use of undefined constant json - assumed 'json' C:\wamp\www\Application\Home\Controller\GoodsController.class.php 第 130 行.

[ 2015-04-14T15:30:50+08:00 ] 127.0.0.1 /home/goods/showcart
INFO: [ app_begin ] --START--
INFO: Run Behavior\ReadHtmlCacheBehavior [ RunTime:0.001000s ]
INFO: [ app_begin ] --END-- [ RunTime:0.002001s ]
NOTIC: [8192] mysql_connect(): The mysql extension is deprecated and will be removed in the future: use mysqli or PDO instead C:\wamp\www\ThinkPHP\Library\Think\Db\Driver\Mysql.class.php 第 52 行.
SQL: SHOW COLUMNS FROM shop.goods [ RunTime:0.006001s ]
NOTIC: [8] Use of undefined constant json - assumed 'json' C:\wamp\www\Application\Home\Controller\GoodsController.class.php 第 130 行.

[ 2015-04-14T15:30:51+08:00 ] 127.0.0.1 /home/goods/showcart
INFO: [ app_begin ] --START--
INFO: Run Behavior\ReadHtmlCacheBehavior [ RunTime:0.001000s ]
INFO: [ app_begin ] --END-- [ RunTime:0.002000s ]
NOTIC: [8192] mysql_connect(): The mysql extension is deprecated and will be removed in the future: use mysqli or PDO instead C:\wamp\www\ThinkPHP\Library\Think\Db\Driver\Mysql.class.php 第 52 行.
SQL: SHOW COLUMNS FROM shop.goods [ RunTime:0.004000s ]
NOTIC: [8] Use of undefined constant json - assumed 'json' C:\wamp\www\Application\Home\Controller\GoodsController.class.php 第 130 行.

[ 2015-04-14T15:30:53+08:00 ] 127.0.0.1 /home/goods/showcart
INFO: [ app_begin ] --START--
INFO: Run Behavior\ReadHtmlCacheBehavior [ RunTime:0.002000s ]
INFO: [ app_begin ] --END-- [ RunTime:0.002000s ]
NOTIC: [8192] mysql_connect(): The mysql extension is deprecated and will be removed in the future: use mysqli or PDO instead C:\wamp\www\ThinkPHP\Library\Think\Db\Driver\Mysql.class.php 第 52 行.
SQL: SHOW COLUMNS FROM shop.goods [ RunTime:0.006001s ]
NOTIC: [8] Use of undefined constant json - assumed 'json' C:\wamp\www\Application\Home\Controller\GoodsController.class.php 第 130 行.

[ 2015-04-14T15:30:57+08:00 ] 127.0.0.1 /home/goods/showcart
INFO: [ app_begin ] --START--
INFO: Run Behavior\ReadHtmlCacheBehavior [ RunTime:0.001000s ]
INFO: [ app_begin ] --END-- [ RunTime:0.002000s ]
NOTIC: [8192] mysql_connect(): The mysql extension is deprecated and will be removed in the future: use mysqli or PDO instead C:\wamp\www\ThinkPHP\Library\Think\Db\Driver\Mysql.class.php 第 52 行.
SQL: SHOW COLUMNS FROM shop.goods [ RunTime:0.005000s ]
NOTIC: [8] Use of undefined constant json - assumed 'json' C:\wamp\www\Application\Home\Controller\GoodsController.class.php 第 130 行.

[ 2015-04-14T15:30:58+08:00 ] 127.0.0.1 /home/goods/showcart
INFO: [ app_begin ] --START--
INFO: Run Behavior\ReadHtmlCacheBehavior [ RunTime:0.000000s ]
INFO: [ app_begin ] --END-- [ RunTime:0.001000s ]
NOTIC: [8192] mysql_connect(): The mysql extension is deprecated and will be removed in the future: use mysqli or PDO instead C:\wamp\www\ThinkPHP\Library\Think\Db\Driver\Mysql.class.php 第 52 行.
SQL: SHOW COLUMNS FROM shop.goods [ RunTime:0.005000s ]
NOTIC: [8] Use of undefined constant json - assumed 'json' C:\wamp\www\Application\Home\Controller\GoodsController.class.php 第 130 行.

[ 2015-04-14T15:30:59+08:00 ] 127.0.0.1 /home/goods/showcart
INFO: [ app_begin ] --START--
INFO: Run Behavior\ReadHtmlCacheBehavior [ RunTime:0.001000s ]
INFO: [ app_begin ] --END-- [ RunTime:0.001000s ]
NOTIC: [8192] mysql_connect(): The mysql extension is deprecated and will be removed in the future: use mysqli or PDO instead C:\wamp\www\ThinkPHP\Library\Think\Db\Driver\Mysql.class.php 第 52 行.
SQL: SHOW COLUMNS FROM shop.goods [ RunTime:0.004000s ]
NOTIC: [8] Use of undefined constant json - assumed 'json' C:\wamp\www\Application\Home\Controller\GoodsController.class.php 第 130 行.

[ 2015-04-14T15:30:59+08:00 ] 127.0.0.1 /home/goods/showcart
INFO: [ app_begin ] --START--
INFO: Run Behavior\ReadHtmlCacheBehavior [ RunTime:0.002000s ]
INFO: [ app_begin ] --END-- [ RunTime:0.003000s ]
NOTIC: [8192] mysql_connect(): The mysql extension is deprecated and will be removed in the future: use mysqli or PDO instead C:\wamp\www\ThinkPHP\Library\Think\Db\Driver\Mysql.class.php 第 52 行.
SQL: SHOW COLUMNS FROM shop.goods [ RunTime:0.005000s ]
NOTIC: [8] Use of undefined constant json - assumed 'json' C:\wamp\www\Application\Home\Controller\GoodsController.class.php 第 130 行.

[ 2015-04-14T15:31:00+08:00 ] 127.0.0.1 /home/goods/showcart
INFO: [ app_begin ] --START--
INFO: Run Behavior\ReadHtmlCacheBehavior [ RunTime:0.002000s ]
INFO: [ app_begin ] --END-- [ RunTime:0.003000s ]
NOTIC: [8192] mysql_connect(): The mysql extension is deprecated and will be removed in the future: use mysqli or PDO instead C:\wamp\www\ThinkPHP\Library\Think\Db\Driver\Mysql.class.php 第 52 行.
SQL: SHOW COLUMNS FROM shop.goods [ RunTime:0.005000s ]
NOTIC: [8] Use of undefined constant json - assumed 'json' C:\wamp\www\Application\Home\Controller\GoodsController.class.php 第 130 行.

[ 2015-04-14T15:31:01+08:00 ] 127.0.0.1 /home/goods/showcart
INFO: [ app_begin ] --START--
INFO: Run Behavior\ReadHtmlCacheBehavior [ RunTime:0.001000s ]
INFO: [ app_begin ] --END-- [ RunTime:0.001000s ]
NOTIC: [8192] mysql_connect(): The mysql extension is deprecated and will be removed in the future: use mysqli or PDO instead C:\wamp\www\ThinkPHP\Library\Think\Db\Driver\Mysql.class.php 第 52 行.
SQL: SHOW COLUMNS FROM shop.goods [ RunTime:0.007000s ]
NOTIC: [8] Use of undefined constant json - assumed 'json' C:\wamp\www\Application\Home\Controller\GoodsController.class.php 第 130 行.

[ 2015-04-14T15:31:06+08:00 ] 127.0.0.1 /home/goods/showcart
INFO: [ app_begin ] --START--
INFO: Run Behavior\ReadHtmlCacheBehavior [ RunTime:0.002000s ]
INFO: [ app_begin ] --END-- [ RunTime:0.002000s ]
NOTIC: [8192] mysql_connect(): The mysql extension is deprecated and will be removed in the future: use mysqli or PDO instead C:\wamp\www\ThinkPHP\Library\Think\Db\Driver\Mysql.class.php 第 52 行.
SQL: SHOW COLUMNS FROM shop.goods [ RunTime:0.004000s ]
NOTIC: [8] Use of undefined constant json - assumed 'json' C:\wamp\www\Application\Home\Controller\GoodsController.class.php 第 130 行.

[ 2015-04-14T15:31:08+08:00 ] 127.0.0.1 /home/goods/showcart
INFO: [ app_begin ] --START--
INFO: Run Behavior\ReadHtmlCacheBehavior [ RunTime:0.001000s ]
INFO: [ app_begin ] --END-- [ RunTime:0.002000s ]
NOTIC: [8192] mysql_connect(): The mysql extension is deprecated and will be removed in the future: use mysqli or PDO instead C:\wamp\www\ThinkPHP\Library\Think\Db\Driver\Mysql.class.php 第 52 行.
SQL: SHOW COLUMNS FROM shop.goods [ RunTime:0.005001s ]
NOTIC: [8] Use of undefined constant json - assumed 'json' C:\wamp\www\Application\Home\Controller\GoodsController.class.php 第 130 行.

[ 2015-04-14T15:31:13+08:00 ] 127.0.0.1 /home/goods/showcart
INFO: [ app_begin ] --START--
INFO: Run Behavior\ReadHtmlCacheBehavior [ RunTime:0.002000s ]
INFO: [ app_begin ] --END-- [ RunTime:0.003000s ]
NOTIC: [8192] mysql_connect(): The mysql extension is deprecated and will be removed in the future: use mysqli or PDO instead C:\wamp\www\ThinkPHP\Library\Think\Db\Driver\Mysql.class.php 第 52 行.
SQL: SHOW COLUMNS FROM shop.goods [ RunTime:0.004000s ]
NOTIC: [8] Use of undefined constant json - assumed 'json' C:\wamp\www\Application\Home\Controller\GoodsController.class.php 第 130 行.

[ 2015-04-14T15:31:15+08:00 ] 127.0.0.1 /home/goods/showcart
INFO: [ app_begin ] --START--
INFO: Run Behavior\ReadHtmlCacheBehavior [ RunTime:0.001000s ]
INFO: [ app_begin ] --END-- [ RunTime:0.003001s ]
NOTIC: [8192] mysql_connect(): The mysql extension is deprecated and will be removed in the future: use mysqli or PDO instead C:\wamp\www\ThinkPHP\Library\Think\Db\Driver\Mysql.class.php 第 52 行.
SQL: SHOW COLUMNS FROM shop.goods [ RunTime:0.005000s ]
NOTIC: [8] Use of undefined constant json - assumed 'json' C:\wamp\www\Application\Home\Controller\GoodsController.class.php 第 130 行.

[ 2015-04-14T15:31:15+08:00 ] 127.0.0.1 /home/goods/showcart
INFO: [ app_begin ] --START--
INFO: Run Behavior\ReadHtmlCacheBehavior [ RunTime:0.001000s ]
INFO: [ app_begin ] --END-- [ RunTime:0.002000s ]
NOTIC: [8192] mysql_connect(): The mysql extension is deprecated and will be removed in the future: use mysqli or PDO instead C:\wamp\www\ThinkPHP\Library\Think\Db\Driver\Mysql.class.php 第 52 行.
SQL: SHOW COLUMNS FROM shop.goods [ RunTime:0.004000s ]
NOTIC: [8] Use of undefined constant json - assumed 'json' C:\wamp\www\Application\Home\Controller\GoodsController.class.php 第 130 行.

[ 2015-04-14T15:31:16+08:00 ] 127.0.0.1 /home/goods/showcart
INFO: [ app_begin ] --START--
INFO: Run Behavior\ReadHtmlCacheBehavior [ RunTime:0.001000s ]
INFO: [ app_begin ] --END-- [ RunTime:0.002000s ]
NOTIC: [8192] mysql_connect(): The mysql extension is deprecated and will be removed in the future: use mysqli or PDO instead C:\wamp\www\ThinkPHP\Library\Think\Db\Driver\Mysql.class.php 第 52 行.
SQL: SHOW COLUMNS FROM shop.goods [ RunTime:0.007001s ]
NOTIC: [8] Use of undefined constant json - assumed 'json' C:\wamp\www\Application\Home\Controller\GoodsController.class.php 第 130 行.

[ 2015-04-14T15:31:53+08:00 ] 127.0.0.1 /home/goods/showcart
INFO: [ app_begin ] --START--
INFO: Run Behavior\ReadHtmlCacheBehavior [ RunTime:0.001000s ]
INFO: [ app_begin ] --END-- [ RunTime:0.002000s ]
NOTIC: [8192] mysql_connect(): The mysql extension is deprecated and will be removed in the future: use mysqli or PDO instead C:\wamp\www\ThinkPHP\Library\Think\Db\Driver\Mysql.class.php 第 52 行.
SQL: SHOW COLUMNS FROM shop.goods [ RunTime:0.005000s ]
NOTIC: [8] Use of undefined constant json - assumed 'json' C:\wamp\www\Application\Home\Controller\GoodsController.class.php 第 130 行.

[ 2015-04-14T15:32:11+08:00 ] 127.0.0.1 /home/goods/showcart
INFO: [ app_begin ] --START--
INFO: Run Behavior\ReadHtmlCacheBehavior [ RunTime:0.001000s ]
INFO: [ app_begin ] --END-- [ RunTime:0.002000s ]
NOTIC: [8192] mysql_connect(): The mysql extension is deprecated and will be removed in the future: use mysqli or PDO instead C:\wamp\www\ThinkPHP\Library\Think\Db\Driver\Mysql.class.php 第 52 行.
SQL: SHOW COLUMNS FROM shop.goods [ RunTime:0.006001s ]
NOTIC: [8] Use of undefined constant json - assumed 'json' C:\wamp\www\Application\Home\Controller\GoodsController.class.php 第 130 行.

[ 2015-04-14T15:32:13+08:00 ] 127.0.0.1 /home/goods/showcart
INFO: [ app_begin ] --START--
INFO: Run Behavior\ReadHtmlCacheBehavior [ RunTime:0.001000s ]
INFO: [ app_begin ] --END-- [ RunTime:0.001000s ]
NOTIC: [8192] mysql_connect(): The mysql extension is deprecated and will be removed in the future: use mysqli or PDO instead C:\wamp\www\ThinkPHP\Library\Think\Db\Driver\Mysql.class.php 第 52 行.
SQL: SHOW COLUMNS FROM shop.goods [ RunTime:0.005000s ]
NOTIC: [8] Use of undefined constant json - assumed 'json' C:\wamp\www\Application\Home\Controller\GoodsController.class.php 第 130 行.

[ 2015-04-14T15:32:13+08:00 ] 127.0.0.1 /home/goods/showcart
INFO: [ app_begin ] --START--
INFO: Run Behavior\ReadHtmlCacheBehavior [ RunTime:0.001000s ]
INFO: [ app_begin ] --END-- [ RunTime:0.002000s ]
NOTIC: [8192] mysql_connect(): The mysql extension is deprecated and will be removed in the future: use mysqli or PDO instead C:\wamp\www\ThinkPHP\Library\Think\Db\Driver\Mysql.class.php 第 52 行.
SQL: SHOW COLUMNS FROM shop.goods [ RunTime:0.006000s ]
NOTIC: [8] Use of undefined constant json - assumed 'json' C:\wamp\www\Application\Home\Controller\GoodsController.class.php 第 130 行.

[ 2015-04-14T15:32:14+08:00 ] 127.0.0.1 /home/goods/showcart
INFO: [ app_begin ] --START--
INFO: Run Behavior\ReadHtmlCacheBehavior [ RunTime:0.000000s ]
INFO: [ app_begin ] --END-- [ RunTime:0.001000s ]
NOTIC: [8192] mysql_connect(): The mysql extension is deprecated and will be removed in the future: use mysqli or PDO instead C:\wamp\www\ThinkPHP\Library\Think\Db\Driver\Mysql.class.php 第 52 行.
SQL: SHOW COLUMNS FROM shop.goods [ RunTime:0.006001s ]
NOTIC: [8] Use of undefined constant json - assumed 'json' C:\wamp\www\Application\Home\Controller\GoodsController.class.php 第 130 行.

[ 2015-04-14T15:32:15+08:00 ] 127.0.0.1 /home/goods/showcart
INFO: [ app_begin ] --START--
INFO: Run Behavior\ReadHtmlCacheBehavior [ RunTime:0.001000s ]
INFO: [ app_begin ] --END-- [ RunTime:0.002000s ]
NOTIC: [8192] mysql_connect(): The mysql extension is deprecated and will be removed in the future: use mysqli or PDO instead C:\wamp\www\ThinkPHP\Library\Think\Db\Driver\Mysql.class.php 第 52 行.
SQL: SHOW COLUMNS FROM shop.goods [ RunTime:0.004001s ]
NOTIC: [8] Use of undefined constant json - assumed 'json' C:\wamp\www\Application\Home\Controller\GoodsController.class.php 第 130 行.

[ 2015-04-14T15:32:17+08:00 ] 127.0.0.1 /home/goods/showcart
INFO: [ app_begin ] --START--
INFO: Run Behavior\ReadHtmlCacheBehavior [ RunTime:0.001000s ]
INFO: [ app_begin ] --END-- [ RunTime:0.002000s ]
NOTIC: [8192] mysql_connect(): The mysql extension is deprecated and will be removed in the future: use mysqli or PDO instead C:\wamp\www\ThinkPHP\Library\Think\Db\Driver\Mysql.class.php 第 52 行.
SQL: SHOW COLUMNS FROM shop.goods [ RunTime:0.007000s ]
NOTIC: [8] Use of undefined constant json - assumed 'json' C:\wamp\www\Application\Home\Controller\GoodsController.class.php 第 130 行.

[ 2015-04-14T15:32:19+08:00 ] 127.0.0.1 /home/goods/showcart
INFO: [ app_begin ] --START--
INFO: Run Behavior\ReadHtmlCacheBehavior [ RunTime:0.001000s ]
INFO: [ app_begin ] --END-- [ RunTime:0.002001s ]
NOTIC: [8192] mysql_connect(): The mysql extension is deprecated and will be removed in the future: use mysqli or PDO instead C:\wamp\www\ThinkPHP\Library\Think\Db\Driver\Mysql.class.php 第 52 行.
SQL: SHOW COLUMNS FROM shop.goods [ RunTime:0.007000s ]
NOTIC: [8] Use of undefined constant json - assumed 'json' C:\wamp\www\Application\Home\Controller\GoodsController.class.php 第 130 行.

[ 2015-04-14T18:13:34+08:00 ] 127.0.0.1 /home/goods/showcart
INFO: [ app_begin ] --START--
INFO: Run Behavior\ReadHtmlCacheBehavior [ RunTime:0.001000s ]
INFO: [ app_begin ] --END-- [ RunTime:0.002000s ]
NOTIC: [8192] mysql_connect(): The mysql extension is deprecated and will be removed in the future: use mysqli or PDO instead C:\wamp\www\ThinkPHP\Library\Think\Db\Driver\Mysql.class.php 第 52 行.
SQL: SHOW COLUMNS FROM shop.goods [ RunTime:0.006000s ]
NOTIC: [8] Use of undefined constant json - assumed 'json' C:\wamp\www\Application\Home\Controller\GoodsController.class.php 第 130 行.

[ 2015-04-14T18:38:53+08:00 ] 127.0.0.1 /back
ERR: 无法加载控制器:Back

[ 2015-04-14T18:39:00+08:00 ] 127.0.0.1 /back
ERR: 无法加载控制器:Back

[ 2015-04-14T18:40:09+08:00 ] 127.0.0.1 /ADMINuser/back
ERR: 无法加载控制器:ADMINuser

[ 2015-04-14T18:40:10+08:00 ] 127.0.0.1 /ADMINuser/back
ERR: 无法加载控制器:ADMINuser

[ 2015-04-14T18:40:18+08:00 ] 127.0.0.1 /ADMINUser/back
ERR: 无法加载控制器:ADMINUser

[ 2015-04-14T18:40:19+08:00 ] 127.0.0.1 /ADMINUser/back
ERR: 无法加载控制器:ADMINUser

[ 2015-04-14T18:41:07+08:00 ] 127.0.0.1 /login
INFO: [ app_begin ] --START--
INFO: Run Behavior\ReadHtmlCacheBehavior [ RunTime:0.001000s ]
INFO: [ app_begin ] --END-- [ RunTime:0.002000s ]
NOTIC: [2048] Declaration of Home\Model\UserModel::add() should be compatible with Think\Model::add($data = '', $options = Array, $replace = false) C:\wamp\www\Application\Home\Model\UserModel.class.php 第 5 行.
NOTIC: [2048] Declaration of Home\Model\UserModel::check() should be compatible with Think\Model::check($value, $rule, $type = 'regex') C:\wamp\www\Application\Home\Model\UserModel.class.php 第 5 行.
NOTIC: [8192] mysql_connect(): The mysql extension is deprecated and will be removed in the future: use mysqli or PDO instead C:\wamp\www\ThinkPHP\Library\Think\Db\Driver\Mysql.class.php 第 52 行.
SQL: SHOW COLUMNS FROM shop.user [ RunTime:0.040002s ]
NOTIC: [8] Undefined index: username C:\wamp\www\Application\Home\Model\UserModel.class.php 第 18 行.
NOTIC: [8] Use of undefined constant password - assumed 'password' C:\wamp\www\Application\Home\Model\UserModel.class.php 第 21 行.
NOTIC: [8] Use of undefined constant json - assumed 'json' C:\wamp\www\Application\Home\Controller\UserController.class.php 第 14 行.

[ 2015-04-14T18:41:10+08:00 ] 127.0.0.1 /login
INFO: [ app_begin ] --START--
INFO: Run Behavior\ReadHtmlCacheBehavior [ RunTime:0.001000s ]
INFO: [ app_begin ] --END-- [ RunTime:0.002001s ]
NOTIC: [2048] Declaration of Home\Model\UserModel::add() should be compatible with Think\Model::add($data = '', $options = Array, $replace = false) C:\wamp\www\Application\Home\Model\UserModel.class.php 第 5 行.
NOTIC: [2048] Declaration of Home\Model\UserModel::check() should be compatible with Think\Model::check($value, $rule, $type = 'regex') C:\wamp\www\Application\Home\Model\UserModel.class.php 第 5 行.
NOTIC: [8192] mysql_connect(): The mysql extension is deprecated and will be removed in the future: use mysqli or PDO instead C:\wamp\www\ThinkPHP\Library\Think\Db\Driver\Mysql.class.php 第 52 行.
SQL: SHOW COLUMNS FROM shop.user [ RunTime:0.004000s ]
NOTIC: [8] Undefined index: username C:\wamp\www\Application\Home\Model\UserModel.class.php 第 18 行.
NOTIC: [8] Use of undefined constant password - assumed 'password' C:\wamp\www\Application\Home\Model\UserModel.class.php 第 21 行.
NOTIC: [8] Use of undefined constant json - assumed 'json' C:\wamp\www\Application\Home\Controller\UserController.class.php 第 14 行.

[ 2015-04-14T18:41:13+08:00 ] 127.0.0.1 /login
INFO: [ app_begin ] --START--
INFO: Run Behavior\ReadHtmlCacheBehavior [ RunTime:0.000000s ]
INFO: [ app_begin ] --END-- [ RunTime:0.002000s ]
NOTIC: [2048] Declaration of Home\Model\UserModel::add() should be compatible with Think\Model::add($data = '', $options = Array, $replace = false) C:\wamp\www\Application\Home\Model\UserModel.class.php 第 5 行.
NOTIC: [2048] Declaration of Home\Model\UserModel::check() should be compatible with Think\Model::check($value, $rule, $type = 'regex') C:\wamp\www\Application\Home\Model\UserModel.class.php 第 5 行.
NOTIC: [8192] mysql_connect(): The mysql extension is deprecated and will be removed in the future: use mysqli or PDO instead C:\wamp\www\ThinkPHP\Library\Think\Db\Driver\Mysql.class.php 第 52 行.
SQL: SHOW COLUMNS FROM shop.user [ RunTime:0.004000s ]
NOTIC: [8] Undefined index: username C:\wamp\www\Application\Home\Model\UserModel.class.php 第 18 行.
NOTIC: [8] Use of undefined constant password - assumed 'password' C:\wamp\www\Application\Home\Model\UserModel.class.php 第 21 行.
NOTIC: [8] Use of undefined constant json - assumed 'json' C:\wamp\www\Application\Home\Controller\UserController.class.php 第 14 行.

[ 2015-04-14T18:41:21+08:00 ] 127.0.0.1 /login
INFO: [ app_begin ] --START--
INFO: Run Behavior\ReadHtmlCacheBehavior [ RunTime:0.002000s ]
INFO: [ app_begin ] --END-- [ RunTime:0.003000s ]
NOTIC: [2048] Declaration of Home\Model\UserModel::add() should be compatible with Think\Model::add($data = '', $options = Array, $replace = false) C:\wamp\www\Application\Home\Model\UserModel.class.php 第 5 行.
NOTIC: [2048] Declaration of Home\Model\UserModel::check() should be compatible with Think\Model::check($value, $rule, $type = 'regex') C:\wamp\www\Application\Home\Model\UserModel.class.php 第 5 行.
NOTIC: [8192] mysql_connect(): The mysql extension is deprecated and will be removed in the future: use mysqli or PDO instead C:\wamp\www\ThinkPHP\Library\Think\Db\Driver\Mysql.class.php 第 52 行.
SQL: SHOW COLUMNS FROM shop.user [ RunTime:0.007000s ]
NOTIC: [8] Undefined index: username C:\wamp\www\Application\Home\Model\UserModel.class.php 第 18 行.
NOTIC: [8] Use of undefined constant password - assumed 'password' C:\wamp\www\Application\Home\Model\UserModel.class.php 第 21 行.
NOTIC: [8] Use of undefined constant json - assumed 'json' C:\wamp\www\Application\Home\Controller\UserController.class.php 第 14 行.

[ 2015-04-14T18:41:22+08:00 ] 127.0.0.1 /login
INFO: [ app_begin ] --START--
INFO: Run Behavior\ReadHtmlCacheBehavior [ RunTime:0.001000s ]
INFO: [ app_begin ] --END-- [ RunTime:0.002001s ]
NOTIC: [2048] Declaration of Home\Model\UserModel::add() should be compatible with Think\Model::add($data = '', $options = Array, $replace = false) C:\wamp\www\Application\Home\Model\UserModel.class.php 第 5 行.
NOTIC: [2048] Declaration of Home\Model\UserModel::check() should be compatible with Think\Model::check($value, $rule, $type = 'regex') C:\wamp\www\Application\Home\Model\UserModel.class.php 第 5 行.
NOTIC: [8192] mysql_connect(): The mysql extension is deprecated and will be removed in the future: use mysqli or PDO instead C:\wamp\www\ThinkPHP\Library\Think\Db\Driver\Mysql.class.php 第 52 行.
SQL: SHOW COLUMNS FROM shop.user [ RunTime:0.005000s ]
NOTIC: [8] Undefined index: username C:\wamp\www\Application\Home\Model\UserModel.class.php 第 18 行.
NOTIC: [8] Use of undefined constant password - assumed 'password' C:\wamp\www\Application\Home\Model\UserModel.class.php 第 21 行.
NOTIC: [8] Use of undefined constant json - assumed 'json' C:\wamp\www\Application\Home\Controller\UserController.class.php 第 14 行.

[ 2015-04-14T18:41:23+08:00 ] 127.0.0.1 /login
INFO: [ app_begin ] --START--
INFO: Run Behavior\ReadHtmlCacheBehavior [ RunTime:0.002000s ]
INFO: [ app_begin ] --END-- [ RunTime:0.003000s ]
NOTIC: [2048] Declaration of Home\Model\UserModel::add() should be compatible with Think\Model::add($data = '', $options = Array, $replace = false) C:\wamp\www\Application\Home\Model\UserModel.class.php 第 5 行.
NOTIC: [2048] Declaration of Home\Model\UserModel::check() should be compatible with Think\Model::check($value, $rule, $type = 'regex') C:\wamp\www\Application\Home\Model\UserModel.class.php 第 5 行.
NOTIC: [8192] mysql_connect(): The mysql extension is deprecated and will be removed in the future: use mysqli or PDO instead C:\wamp\www\ThinkPHP\Library\Think\Db\Driver\Mysql.class.php 第 52 行.
SQL: SHOW COLUMNS FROM shop.user [ RunTime:0.004000s ]
NOTIC: [8] Undefined index: username C:\wamp\www\Application\Home\Model\UserModel.class.php 第 18 行.
NOTIC: [8] Use of undefined constant password - assumed 'password' C:\wamp\www\Application\Home\Model\UserModel.class.php 第 21 行.
NOTIC: [8] Use of undefined constant json - assumed 'json' C:\wamp\www\Application\Home\Controller\UserController.class.php 第 14 行.

[ 2015-04-14T18:41:24+08:00 ] 127.0.0.1 /login
INFO: [ app_begin ] --START--
INFO: Run Behavior\ReadHtmlCacheBehavior [ RunTime:0.001000s ]
INFO: [ app_begin ] --END-- [ RunTime:0.002000s ]
NOTIC: [2048] Declaration of Home\Model\UserModel::add() should be compatible with Think\Model::add($data = '', $options = Array, $replace = false) C:\wamp\www\Application\Home\Model\UserModel.class.php 第 5 行.
NOTIC: [2048] Declaration of Home\Model\UserModel::check() should be compatible with Think\Model::check($value, $rule, $type = 'regex') C:\wamp\www\Application\Home\Model\UserModel.class.php 第 5 行.
NOTIC: [8192] mysql_connect(): The mysql extension is deprecated and will be removed in the future: use mysqli or PDO instead C:\wamp\www\ThinkPHP\Library\Think\Db\Driver\Mysql.class.php 第 52 行.
SQL: SHOW COLUMNS FROM shop.user [ RunTime:0.004001s ]
NOTIC: [8] Undefined index: username C:\wamp\www\Application\Home\Model\UserModel.class.php 第 18 行.
NOTIC: [8] Use of undefined constant password - assumed 'password' C:\wamp\www\Application\Home\Model\UserModel.class.php 第 21 行.
NOTIC: [8] Use of undefined constant json - assumed 'json' C:\wamp\www\Application\Home\Controller\UserController.class.php 第 14 行.

[ 2015-04-14T18:42:03+08:00 ] 127.0.0.1 /login
INFO: [ app_begin ] --START--
INFO: Run Behavior\ReadHtmlCacheBehavior [ RunTime:0.002000s ]
INFO: [ app_begin ] --END-- [ RunTime:0.003000s ]
NOTIC: [2048] Declaration of Home\Model\UserModel::add() should be compatible with Think\Model::add($data = '', $options = Array, $replace = false) C:\wamp\www\Application\Home\Model\UserModel.class.php 第 5 行.
NOTIC: [2048] Declaration of Home\Model\UserModel::check() should be compatible with Think\Model::check($value, $rule, $type = 'regex') C:\wamp\www\Application\Home\Model\UserModel.class.php 第 5 行.
NOTIC: [8192] mysql_connect(): The mysql extension is deprecated and will be removed in the future: use mysqli or PDO instead C:\wamp\www\ThinkPHP\Library\Think\Db\Driver\Mysql.class.php 第 52 行.
SQL: SHOW COLUMNS FROM shop.user [ RunTime:0.007000s ]
NOTIC: [8] Undefined index: username C:\wamp\www\Application\Home\Model\UserModel.class.php 第 18 行.
NOTIC: [8] Use of undefined constant password - assumed 'password' C:\wamp\www\Application\Home\Model\UserModel.class.php 第 21 行.
NOTIC: [8] Use of undefined constant json - assumed 'json' C:\wamp\www\Application\Home\Controller\UserController.class.php 第 14 行.

[ 2015-04-14T18:42:06+08:00 ] 127.0.0.1 /login
INFO: [ app_begin ] --START--
INFO: Run Behavior\ReadHtmlCacheBehavior [ RunTime:0.001000s ]
INFO: [ app_begin ] --END-- [ RunTime:0.002000s ]
NOTIC: [2048] Declaration of Home\Model\UserModel::add() should be compatible with Think\Model::add($data = '', $options = Array, $replace = false) C:\wamp\www\Application\Home\Model\UserModel.class.php 第 5 行.
NOTIC: [2048] Declaration of Home\Model\UserModel::check() should be compatible with Think\Model::check($value, $rule, $type = 'regex') C:\wamp\www\Application\Home\Model\UserModel.class.php 第 5 行.
NOTIC: [8192] mysql_connect(): The mysql extension is deprecated and will be removed in the future: use mysqli or PDO instead C:\wamp\www\ThinkPHP\Library\Think\Db\Driver\Mysql.class.php 第 52 行.
SQL: SHOW COLUMNS FROM shop.user [ RunTime:0.007001s ]
NOTIC: [8] Undefined index: username C:\wamp\www\Application\Home\Model\UserModel.class.php 第 18 行.
NOTIC: [8] Use of undefined constant password - assumed 'password' C:\wamp\www\Application\Home\Model\UserModel.class.php 第 21 行.
NOTIC: [8] Use of undefined constant json - assumed 'json' C:\wamp\www\Application\Home\Controller\UserController.class.php 第 14 行.

[ 2015-04-14T18:42:10+08:00 ] 127.0.0.1 /login
INFO: [ app_begin ] --START--
INFO: Run Behavior\ReadHtmlCacheBehavior [ RunTime:0.002000s ]
INFO: [ app_begin ] --END-- [ RunTime:0.002000s ]
NOTIC: [2048] Declaration of Home\Model\UserModel::add() should be compatible with Think\Model::add($data = '', $options = Array, $replace = false) C:\wamp\www\Application\Home\Model\UserModel.class.php 第 5 行.
NOTIC: [2048] Declaration of Home\Model\UserModel::check() should be compatible with Think\Model::check($value, $rule, $type = 'regex') C:\wamp\www\Application\Home\Model\UserModel.class.php 第 5 行.
NOTIC: [8192] mysql_connect(): The mysql extension is deprecated and will be removed in the future: use mysqli or PDO instead C:\wamp\www\ThinkPHP\Library\Think\Db\Driver\Mysql.class.php 第 52 行.
SQL: SHOW COLUMNS FROM shop.user [ RunTime:0.006000s ]
NOTIC: [8] Undefined index: username C:\wamp\www\Application\Home\Model\UserModel.class.php 第 18 行.
NOTIC: [8] Use of undefined constant password - assumed 'password' C:\wamp\www\Application\Home\Model\UserModel.class.php 第 21 行.
NOTIC: [8] Use of undefined constant json - assumed 'json' C:\wamp\www\Application\Home\Controller\UserController.class.php 第 14 行.

[ 2015-04-14T18:42:11+08:00 ] 127.0.0.1 /login
INFO: [ app_begin ] --START--
INFO: Run Behavior\ReadHtmlCacheBehavior [ RunTime:0.001000s ]
INFO: [ app_begin ] --END-- [ RunTime:0.002000s ]
NOTIC: [2048] Declaration of Home\Model\UserModel::add() should be compatible with Think\Model::add($data = '', $options = Array, $replace = false) C:\wamp\www\Application\Home\Model\UserModel.class.php 第 5 行.
NOTIC: [2048] Declaration of Home\Model\UserModel::check() should be compatible with Think\Model::check($value, $rule, $type = 'regex') C:\wamp\www\Application\Home\Model\UserModel.class.php 第 5 行.
NOTIC: [8192] mysql_connect(): The mysql extension is deprecated and will be removed in the future: use mysqli or PDO instead C:\wamp\www\ThinkPHP\Library\Think\Db\Driver\Mysql.class.php 第 52 行.
SQL: SHOW COLUMNS FROM shop.user [ RunTime:0.006000s ]
NOTIC: [8] Undefined index: username C:\wamp\www\Application\Home\Model\UserModel.class.php 第 18 行.
NOTIC: [8] Use of undefined constant password - assumed 'password' C:\wamp\www\Application\Home\Model\UserModel.class.php 第 21 行.
NOTIC: [8] Use of undefined constant json - assumed 'json' C:\wamp\www\Application\Home\Controller\UserController.class.php 第 14 行.

[ 2015-04-14T18:42:12+08:00 ] 127.0.0.1 /login
INFO: [ app_begin ] --START--
INFO: Run Behavior\ReadHtmlCacheBehavior [ RunTime:0.001000s ]
INFO: [ app_begin ] --END-- [ RunTime:0.002000s ]
NOTIC: [2048] Declaration of Home\Model\UserModel::add() should be compatible with Think\Model::add($data = '', $options = Array, $replace = false) C:\wamp\www\Application\Home\Model\UserModel.class.php 第 5 行.
NOTIC: [2048] Declaration of Home\Model\UserModel::check() should be compatible with Think\Model::check($value, $rule, $type = 'regex') C:\wamp\www\Application\Home\Model\UserModel.class.php 第 5 行.
NOTIC: [8192] mysql_connect(): The mysql extension is deprecated and will be removed in the future: use mysqli or PDO instead C:\wamp\www\ThinkPHP\Library\Think\Db\Driver\Mysql.class.php 第 52 行.
SQL: SHOW COLUMNS FROM shop.user [ RunTime:0.004001s ]
NOTIC: [8] Undefined index: username C:\wamp\www\Application\Home\Model\UserModel.class.php 第 18 行.
NOTIC: [8] Use of undefined constant password - assumed 'password' C:\wamp\www\Application\Home\Model\UserModel.class.php 第 21 行.
NOTIC: [8] Use of undefined constant json - assumed 'json' C:\wamp\www\Application\Home\Controller\UserController.class.php 第 14 行.

[ 2015-04-14T18:42:13+08:00 ] 127.0.0.1 /login
INFO: [ app_begin ] --START--
INFO: Run Behavior\ReadHtmlCacheBehavior [ RunTime:0.001000s ]
INFO: [ app_begin ] --END-- [ RunTime:0.001000s ]
NOTIC: [2048] Declaration of Home\Model\UserModel::add() should be compatible with Think\Model::add($data = '', $options = Array, $replace = false) C:\wamp\www\Application\Home\Model\UserModel.class.php 第 5 行.
NOTIC: [2048] Declaration of Home\Model\UserModel::check() should be compatible with Think\Model::check($value, $rule, $type = 'regex') C:\wamp\www\Application\Home\Model\UserModel.class.php 第 5 行.
NOTIC: [8192] mysql_connect(): The mysql extension is deprecated and will be removed in the future: use mysqli or PDO instead C:\wamp\www\ThinkPHP\Library\Think\Db\Driver\Mysql.class.php 第 52 行.
SQL: SHOW COLUMNS FROM shop.user [ RunTime:0.006001s ]
NOTIC: [8] Undefined index: username C:\wamp\www\Application\Home\Model\UserModel.class.php 第 18 行.
NOTIC: [8] Use of undefined constant password - assumed 'password' C:\wamp\www\Application\Home\Model\UserModel.class.php 第 21 行.
NOTIC: [8] Use of undefined constant json - assumed 'json' C:\wamp\www\Application\Home\Controller\UserController.class.php 第 14 行.

[ 2015-04-14T18:42:52+08:00 ] 127.0.0.1 /login
INFO: [ app_begin ] --START--
INFO: Run Behavior\ReadHtmlCacheBehavior [ RunTime:0.001000s ]
INFO: [ app_begin ] --END-- [ RunTime:0.002000s ]
NOTIC: [2048] Declaration of Home\Model\UserModel::add() should be compatible with Think\Model::add($data = '', $options = Array, $replace = false) C:\wamp\www\Application\Home\Model\UserModel.class.php 第 5 行.
NOTIC: [2048] Declaration of Home\Model\UserModel::check() should be compatible with Think\Model::check($value, $rule, $type = 'regex') C:\wamp\www\Application\Home\Model\UserModel.class.php 第 5 行.
NOTIC: [8192] mysql_connect(): The mysql extension is deprecated and will be removed in the future: use mysqli or PDO instead C:\wamp\www\ThinkPHP\Library\Think\Db\Driver\Mysql.class.php 第 52 行.
SQL: SHOW COLUMNS FROM shop.user [ RunTime:0.009001s ]
NOTIC: [8] Undefined index: username C:\wamp\www\Application\Home\Model\UserModel.class.php 第 18 行.
NOTIC: [8] Use of undefined constant password - assumed 'password' C:\wamp\www\Application\Home\Model\UserModel.class.php 第 21 行.
NOTIC: [8] Use of undefined constant json - assumed 'json' C:\wamp\www\Application\Home\Controller\UserController.class.php 第 14 行.

[ 2015-04-14T18:42:53+08:00 ] 127.0.0.1 /login
INFO: [ app_begin ] --START--
INFO: Run Behavior\ReadHtmlCacheBehavior [ RunTime:0.001000s ]
INFO: [ app_begin ] --END-- [ RunTime:0.003000s ]
NOTIC: [2048] Declaration of Home\Model\UserModel::add() should be compatible with Think\Model::add($data = '', $options = Array, $replace = false) C:\wamp\www\Application\Home\Model\UserModel.class.php 第 5 行.
NOTIC: [2048] Declaration of Home\Model\UserModel::check() should be compatible with Think\Model::check($value, $rule, $type = 'regex') C:\wamp\www\Application\Home\Model\UserModel.class.php 第 5 行.
NOTIC: [8192] mysql_connect(): The mysql extension is deprecated and will be removed in the future: use mysqli or PDO instead C:\wamp\www\ThinkPHP\Library\Think\Db\Driver\Mysql.class.php 第 52 行.
SQL: SHOW COLUMNS FROM shop.user [ RunTime:0.007000s ]
NOTIC: [8] Undefined index: username C:\wamp\www\Application\Home\Model\UserModel.class.php 第 18 行.
NOTIC: [8] Use of undefined constant password - assumed 'password' C:\wamp\www\Application\Home\Model\UserModel.class.php 第 21 行.
NOTIC: [8] Use of undefined constant json - assumed 'json' C:\wamp\www\Application\Home\Controller\UserController.class.php 第 14 行.

[ 2015-04-14T18:42:53+08:00 ] 127.0.0.1 /login
INFO: [ app_begin ] --START--
INFO: Run Behavior\ReadHtmlCacheBehavior [ RunTime:0.001000s ]
INFO: [ app_begin ] --END-- [ RunTime:0.002000s ]
NOTIC: [2048] Declaration of Home\Model\UserModel::add() should be compatible with Think\Model::add($data = '', $options = Array, $replace = false) C:\wamp\www\Application\Home\Model\UserModel.class.php 第 5 行.
NOTIC: [2048] Declaration of Home\Model\UserModel::check() should be compatible with Think\Model::check($value, $rule, $type = 'regex') C:\wamp\www\Application\Home\Model\UserModel.class.php 第 5 行.
NOTIC: [8192] mysql_connect(): The mysql extension is deprecated and will be removed in the future: use mysqli or PDO instead C:\wamp\www\ThinkPHP\Library\Think\Db\Driver\Mysql.class.php 第 52 行.
SQL: SHOW COLUMNS FROM shop.user [ RunTime:0.005001s ]
NOTIC: [8] Undefined index: username C:\wamp\www\Application\Home\Model\UserModel.class.php 第 18 行.
NOTIC: [8] Use of undefined constant password - assumed 'password' C:\wamp\www\Application\Home\Model\UserModel.class.php 第 21 行.
NOTIC: [8] Use of undefined constant json - assumed 'json' C:\wamp\www\Application\Home\Controller\UserController.class.php 第 14 行.

[ 2015-04-14T18:42:54+08:00 ] 127.0.0.1 /login
INFO: [ app_begin ] --START--
INFO: Run Behavior\ReadHtmlCacheBehavior [ RunTime:0.000000s ]
INFO: [ app_begin ] --END-- [ RunTime:0.002000s ]
NOTIC: [2048] Declaration of Home\Model\UserModel::add() should be compatible with Think\Model::add($data = '', $options = Array, $replace = false) C:\wamp\www\Application\Home\Model\UserModel.class.php 第 5 行.
NOTIC: [2048] Declaration of Home\Model\UserModel::check() should be compatible with Think\Model::check($value, $rule, $type = 'regex') C:\wamp\www\Application\Home\Model\UserModel.class.php 第 5 行.
NOTIC: [8192] mysql_connect(): The mysql extension is deprecated and will be removed in the future: use mysqli or PDO instead C:\wamp\www\ThinkPHP\Library\Think\Db\Driver\Mysql.class.php 第 52 行.
SQL: SHOW COLUMNS FROM shop.user [ RunTime:0.005000s ]
NOTIC: [8] Undefined index: username C:\wamp\www\Application\Home\Model\UserModel.class.php 第 18 行.
NOTIC: [8] Use of undefined constant password - assumed 'password' C:\wamp\www\Application\Home\Model\UserModel.class.php 第 21 行.
NOTIC: [8] Use of undefined constant json - assumed 'json' C:\wamp\www\Application\Home\Controller\UserController.class.php 第 14 行.

[ 2015-04-14T18:42:54+08:00 ] 127.0.0.1 /login
INFO: [ app_begin ] --START--
INFO: Run Behavior\ReadHtmlCacheBehavior [ RunTime:0.001000s ]
INFO: [ app_begin ] --END-- [ RunTime:0.002000s ]
NOTIC: [2048] Declaration of Home\Model\UserModel::add() should be compatible with Think\Model::add($data = '', $options = Array, $replace = false) C:\wamp\www\Application\Home\Model\UserModel.class.php 第 5 行.
NOTIC: [2048] Declaration of Home\Model\UserModel::check() should be compatible with Think\Model::check($value, $rule, $type = 'regex') C:\wamp\www\Application\Home\Model\UserModel.class.php 第 5 行.
NOTIC: [8192] mysql_connect(): The mysql extension is deprecated and will be removed in the future: use mysqli or PDO instead C:\wamp\www\ThinkPHP\Library\Think\Db\Driver\Mysql.class.php 第 52 行.
SQL: SHOW COLUMNS FROM shop.user [ RunTime:0.005001s ]
NOTIC: [8] Undefined index: username C:\wamp\www\Application\Home\Model\UserModel.class.php 第 18 行.
NOTIC: [8] Use of undefined constant password - assumed 'password' C:\wamp\www\Application\Home\Model\UserModel.class.php 第 21 行.
NOTIC: [8] Use of undefined constant json - assumed 'json' C:\wamp\www\Application\Home\Controller\UserController.class.php 第 14 行.

[ 2015-04-14T18:42:58+08:00 ] 127.0.0.1 /login
INFO: [ app_begin ] --START--
INFO: Run Behavior\ReadHtmlCacheBehavior [ RunTime:0.001000s ]
INFO: [ app_begin ] --END-- [ RunTime:0.002000s ]
NOTIC: [2048] Declaration of Home\Model\UserModel::add() should be compatible with Think\Model::add($data = '', $options = Array, $replace = false) C:\wamp\www\Application\Home\Model\UserModel.class.php 第 5 行.
NOTIC: [2048] Declaration of Home\Model\UserModel::check() should be compatible with Think\Model::check($value, $rule, $type = 'regex') C:\wamp\www\Application\Home\Model\UserModel.class.php 第 5 行.
NOTIC: [8192] mysql_connect(): The mysql extension is deprecated and will be removed in the future: use mysqli or PDO instead C:\wamp\www\ThinkPHP\Library\Think\Db\Driver\Mysql.class.php 第 52 行.
SQL: SHOW COLUMNS FROM shop.user [ RunTime:0.004000s ]
NOTIC: [8] Undefined index: username C:\wamp\www\Application\Home\Model\UserModel.class.php 第 18 行.
NOTIC: [8] Use of undefined constant password - assumed 'password' C:\wamp\www\Application\Home\Model\UserModel.class.php 第 21 行.
NOTIC: [8] Use of undefined constant json - assumed 'json' C:\wamp\www\Application\Home\Controller\UserController.class.php 第 14 行.

[ 2015-04-14T18:43:01+08:00 ] 127.0.0.1 /login
INFO: [ app_begin ] --START--
INFO: Run Behavior\ReadHtmlCacheBehavior [ RunTime:0.001000s ]
INFO: [ app_begin ] --END-- [ RunTime:0.002000s ]
NOTIC: [2048] Declaration of Home\Model\UserModel::add() should be compatible with Think\Model::add($data = '', $options = Array, $replace = false) C:\wamp\www\Application\Home\Model\UserModel.class.php 第 5 行.
NOTIC: [2048] Declaration of Home\Model\UserModel::check() should be compatible with Think\Model::check($value, $rule, $type = 'regex') C:\wamp\www\Application\Home\Model\UserModel.class.php 第 5 行.
NOTIC: [8192] mysql_connect(): The mysql extension is deprecated and will be removed in the future: use mysqli or PDO instead C:\wamp\www\ThinkPHP\Library\Think\Db\Driver\Mysql.class.php 第 52 行.
SQL: SHOW COLUMNS FROM shop.user [ RunTime:0.007000s ]
NOTIC: [8] Undefined index: username C:\wamp\www\Application\Home\Model\UserModel.class.php 第 18 行.
NOTIC: [8] Use of undefined constant password - assumed 'password' C:\wamp\www\Application\Home\Model\UserModel.class.php 第 21 行.
NOTIC: [8] Use of undefined constant json - assumed 'json' C:\wamp\www\Application\Home\Controller\UserController.class.php 第 14 行.

[ 2015-04-14T18:43:02+08:00 ] 127.0.0.1 /login
INFO: [ app_begin ] --START--
INFO: Run Behavior\ReadHtmlCacheBehavior [ RunTime:0.000000s ]
INFO: [ app_begin ] --END-- [ RunTime:0.002000s ]
NOTIC: [2048] Declaration of Home\Model\UserModel::add() should be compatible with Think\Model::add($data = '', $options = Array, $replace = false) C:\wamp\www\Application\Home\Model\UserModel.class.php 第 5 行.
NOTIC: [2048] Declaration of Home\Model\UserModel::check() should be compatible with Think\Model::check($value, $rule, $type = 'regex') C:\wamp\www\Application\Home\Model\UserModel.class.php 第 5 行.
NOTIC: [8192] mysql_connect(): The mysql extension is deprecated and will be removed in the future: use mysqli or PDO instead C:\wamp\www\ThinkPHP\Library\Think\Db\Driver\Mysql.class.php 第 52 行.
SQL: SHOW COLUMNS FROM shop.user [ RunTime:0.004001s ]
NOTIC: [8] Undefined index: username C:\wamp\www\Application\Home\Model\UserModel.class.php 第 18 行.
NOTIC: [8] Use of undefined constant password - assumed 'password' C:\wamp\www\Application\Home\Model\UserModel.class.php 第 21 行.
NOTIC: [8] Use of undefined constant json - assumed 'json' C:\wamp\www\Application\Home\Controller\UserController.class.php 第 14 行.

[ 2015-04-14T18:48:19+08:00 ] 127.0.0.1 /home/goods/showcart
INFO: [ app_begin ] --START--
INFO: Run Behavior\ReadHtmlCacheBehavior [ RunTime:0.002000s ]
INFO: [ app_begin ] --END-- [ RunTime:0.003000s ]
NOTIC: [8192] mysql_connect(): The mysql extension is deprecated and will be removed in the future: use mysqli or PDO instead C:\wamp\www\ThinkPHP\Library\Think\Db\Driver\Mysql.class.php 第 52 行.
SQL: SHOW COLUMNS FROM shop.goods [ RunTime:0.006001s ]
NOTIC: [8] Use of undefined constant json - assumed 'json' C:\wamp\www\Application\Home\Controller\GoodsController.class.php 第 130 行.

[ 2015-04-14T19:39:55+08:00 ] 127.0.0.1 /shop
ERR: 无法加载控制器:Shop

[ 2015-04-14T19:39:58+08:00 ] 127.0.0.1 /home/goods/showcart
INFO: [ app_begin ] --START--
INFO: Run Behavior\ReadHtmlCacheBehavior [ RunTime:0.001000s ]
INFO: [ app_begin ] --END-- [ RunTime:0.002000s ]
NOTIC: [8192] mysql_connect(): The mysql extension is deprecated and will be removed in the future: use mysqli or PDO instead C:\wamp\www\ThinkPHP\Library\Think\Db\Driver\Mysql.class.php 第 52 行.
SQL: SHOW COLUMNS FROM shop.goods [ RunTime:0.008001s ]
NOTIC: [8] Use of undefined constant json - assumed 'json' C:\wamp\www\Application\Home\Controller\GoodsController.class.php 第 130 行.

[ 2015-04-14T19:40:01+08:00 ] 127.0.0.1 /home/goods/showcart
INFO: [ app_begin ] --START--
INFO: Run Behavior\ReadHtmlCacheBehavior [ RunTime:0.001000s ]
INFO: [ app_begin ] --END-- [ RunTime:0.002000s ]
NOTIC: [8192] mysql_connect(): The mysql extension is deprecated and will be removed in the future: use mysqli or PDO instead C:\wamp\www\ThinkPHP\Library\Think\Db\Driver\Mysql.class.php 第 52 行.
SQL: SHOW COLUMNS FROM shop.goods [ RunTime:0.006000s ]
NOTIC: [8] Use of undefined constant json - assumed 'json' C:\wamp\www\Application\Home\Controller\GoodsController.class.php 第 130 行.

[ 2015-04-14T19:40:19+08:00 ] 127.0.0.1 /home/goods/showcart
INFO: [ app_begin ] --START--
INFO: Run Behavior\ReadHtmlCacheBehavior [ RunTime:0.001000s ]
INFO: [ app_begin ] --END-- [ RunTime:0.002000s ]
NOTIC: [8192] mysql_connect(): The mysql extension is deprecated and will be removed in the future: use mysqli or PDO instead C:\wamp\www\ThinkPHP\Library\Think\Db\Driver\Mysql.class.php 第 52 行.
SQL: SHOW COLUMNS FROM shop.goods [ RunTime:0.006000s ]
NOTIC: [8] Use of undefined constant json - assumed 'json' C:\wamp\www\Application\Home\Controller\GoodsController.class.php 第 130 行.

[ 2015-04-14T19:40:19+08:00 ] 127.0.0.1 /shop
ERR: 无法加载控制器:Shop

[ 2015-04-14T19:40:22+08:00 ] 127.0.0.1 /home/goods/showcart
INFO: [ app_begin ] --START--
INFO: Run Behavior\ReadHtmlCacheBehavior [ RunTime:0.001000s ]
INFO: [ app_begin ] --END-- [ RunTime:0.002000s ]
NOTIC: [8192] mysql_connect(): The mysql extension is deprecated and will be removed in the future: use mysqli or PDO instead C:\wamp\www\ThinkPHP\Library\Think\Db\Driver\Mysql.class.php 第 52 行.
SQL: SHOW COLUMNS FROM shop.goods [ RunTime:0.007001s ]
NOTIC: [8] Use of undefined constant json - assumed 'json' C:\wamp\www\Application\Home\Controller\GoodsController.class.php 第 130 行.

[ 2015-04-14T19:40:24+08:00 ] 127.0.0.1 /home/goods/showcart
INFO: [ app_begin ] --START--
INFO: Run Behavior\ReadHtmlCacheBehavior [ RunTime:0.001000s ]
INFO: [ app_begin ] --END-- [ RunTime:0.003000s ]
NOTIC: [8192] mysql_connect(): The mysql extension is deprecated and will be removed in the future: use mysqli or PDO instead C:\wamp\www\ThinkPHP\Library\Think\Db\Driver\Mysql.class.php 第 52 行.
SQL: SHOW COLUMNS FROM shop.goods [ RunTime:0.004000s ]
NOTIC: [8] Use of undefined constant json - assumed 'json' C:\wamp\www\Application\Home\Controller\GoodsController.class.php 第 130 行.

[ 2015-04-14T19:40:28+08:00 ] 127.0.0.1 /home/user/check_verify
INFO: [ app_begin ] --START--
INFO: Run Behavior\ReadHtmlCacheBehavior [ RunTime:0.001000s ]
INFO: [ app_begin ] --END-- [ RunTime:0.001000s ]
NOTIC: [8] Use of undefined constant json - assumed 'json' C:\wamp\www\Application\Home\Controller\UserController.class.php 第 39 行.

[ 2015-04-14T19:40:29+08:00 ] 127.0.0.1 /home/user/login
INFO: [ app_begin ] --START--
INFO: Run Behavior\ReadHtmlCacheBehavior [ RunTime:0.001000s ]
INFO: [ app_begin ] --END-- [ RunTime:0.001000s ]
NOTIC: [2048] Declaration of Home\Model\UserModel::add() should be compatible with Think\Model::add($data = '', $options = Array, $replace = false) C:\wamp\www\Application\Home\Model\UserModel.class.php 第 5 行.
NOTIC: [2048] Declaration of Home\Model\UserModel::check() should be compatible with Think\Model::check($value, $rule, $type = 'regex') C:\wamp\www\Application\Home\Model\UserModel.class.php 第 5 行.
NOTIC: [8192] mysql_connect(): The mysql extension is deprecated and will be removed in the future: use mysqli or PDO instead C:\wamp\www\ThinkPHP\Library\Think\Db\Driver\Mysql.class.php 第 52 行.
SQL: SHOW COLUMNS FROM shop.user [ RunTime:0.004000s ]
NOTIC: [8] Use of undefined constant password - assumed 'password' C:\wamp\www\Application\Home\Model\UserModel.class.php 第 21 行.
NOTIC: [8] Use of undefined constant json - assumed 'json' C:\wamp\www\Application\Home\Controller\UserController.class.php 第 14 行.

[ 2015-04-14T19:40:29+08:00 ] 127.0.0.1 /home/goods/showcart
INFO: [ app_begin ] --START--
INFO: Run Behavior\ReadHtmlCacheBehavior [ RunTime:0.001000s ]
INFO: [ app_begin ] --END-- [ RunTime:0.002000s ]
NOTIC: [8192] mysql_connect(): The mysql extension is deprecated and will be removed in the future: use mysqli or PDO instead C:\wamp\www\ThinkPHP\Library\Think\Db\Driver\Mysql.class.php 第 52 行.
SQL: SHOW COLUMNS FROM shop.goods [ RunTime:0.005000s ]
NOTIC: [8] Use of undefined constant json - assumed 'json' C:\wamp\www\Application\Home\Controller\GoodsController.class.php 第 130 行.

[ 2015-04-14T19:42:31+08:00 ] 127.0.0.1 /home/goods/showcart
INFO: [ app_begin ] --START--
INFO: Run Behavior\ReadHtmlCacheBehavior [ RunTime:0.001000s ]
INFO: [ app_begin ] --END-- [ RunTime:0.001000s ]
NOTIC: [8192] mysql_connect(): The mysql extension is deprecated and will be removed in the future: use mysqli or PDO instead C:\wamp\www\ThinkPHP\Library\Think\Db\Driver\Mysql.class.php 第 52 行.
SQL: SHOW COLUMNS FROM shop.goods [ RunTime:0.004000s ]
NOTIC: [8] Use of undefined constant json - assumed 'json' C:\wamp\www\Application\Home\Controller\GoodsController.class.php 第 130 行.

[ 2015-04-14T19:42:34+08:00 ] 127.0.0.1 /home/goods/showcart
INFO: [ app_begin ] --START--
INFO: Run Behavior\ReadHtmlCacheBehavior [ RunTime:0.001000s ]
INFO: [ app_begin ] --END-- [ RunTime:0.002000s ]
NOTIC: [8192] mysql_connect(): The mysql extension is deprecated and will be removed in the future: use mysqli or PDO instead C:\wamp\www\ThinkPHP\Library\Think\Db\Driver\Mysql.class.php 第 52 行.
SQL: SHOW COLUMNS FROM shop.goods [ RunTime:0.003001s ]
NOTIC: [8] Use of undefined constant json - assumed 'json' C:\wamp\www\Application\Home\Controller\GoodsController.class.php 第 130 行.

[ 2015-04-14T19:42:39+08:00 ] 127.0.0.1 /home/user/check_verify
INFO: [ app_begin ] --START--
INFO: Run Behavior\ReadHtmlCacheBehavior [ RunTime:0.001000s ]
INFO: [ app_begin ] --END-- [ RunTime:0.001000s ]
NOTIC: [8] Use of undefined constant json - assumed 'json' C:\wamp\www\Application\Home\Controller\UserController.class.php 第 39 行.

[ 2015-04-14T19:42:39+08:00 ] 127.0.0.1 /home/user/login
INFO: [ app_begin ] --START--
INFO: Run Behavior\ReadHtmlCacheBehavior [ RunTime:0.001000s ]
INFO: [ app_begin ] --END-- [ RunTime:0.002000s ]
NOTIC: [2048] Declaration of Home\Model\UserModel::add() should be compatible with Think\Model::add($data = '', $options = Array, $replace = false) C:\wamp\www\Application\Home\Model\UserModel.class.php 第 5 行.
NOTIC: [2048] Declaration of Home\Model\UserModel::check() should be compatible with Think\Model::check($value, $rule, $type = 'regex') C:\wamp\www\Application\Home\Model\UserModel.class.php 第 5 行.
NOTIC: [8192] mysql_connect(): The mysql extension is deprecated and will be removed in the future: use mysqli or PDO instead C:\wamp\www\ThinkPHP\Library\Think\Db\Driver\Mysql.class.php 第 52 行.
SQL: SHOW COLUMNS FROM shop.user [ RunTime:0.004000s ]
NOTIC: [8] Use of undefined constant password - assumed 'password' C:\wamp\www\Application\Home\Model\UserModel.class.php 第 21 行.
NOTIC: [8] Use of undefined constant json - assumed 'json' C:\wamp\www\Application\Home\Controller\UserController.class.php 第 14 行.

[ 2015-04-14T19:42:40+08:00 ] 127.0.0.1 /home/goods/showcart
INFO: [ app_begin ] --START--
INFO: Run Behavior\ReadHtmlCacheBehavior [ RunTime:0.001000s ]
INFO: [ app_begin ] --END-- [ RunTime:0.001000s ]
NOTIC: [8192] mysql_connect(): The mysql extension is deprecated and will be removed in the future: use mysqli or PDO instead C:\wamp\www\ThinkPHP\Library\Think\Db\Driver\Mysql.class.php 第 52 行.
SQL: SHOW COLUMNS FROM shop.goods [ RunTime:0.005001s ]
NOTIC: [8] Use of undefined constant json - assumed 'json' C:\wamp\www\Application\Home\Controller\GoodsController.class.php 第 130 行.

[ 2015-04-14T19:42:46+08:00 ] 127.0.0.1 /home/goods/showcart
INFO: [ app_begin ] --START--
INFO: Run Behavior\ReadHtmlCacheBehavior [ RunTime:0.001000s ]
INFO: [ app_begin ] --END-- [ RunTime:0.002000s ]
NOTIC: [8192] mysql_connect(): The mysql extension is deprecated and will be removed in the future: use mysqli or PDO instead C:\wamp\www\ThinkPHP\Library\Think\Db\Driver\Mysql.class.php 第 52 行.
SQL: SHOW COLUMNS FROM shop.goods [ RunTime:0.007000s ]
NOTIC: [8] Use of undefined constant json - assumed 'json' C:\wamp\www\Application\Home\Controller\GoodsController.class.php 第 130 行.

[ 2015-04-14T19:42:49+08:00 ] 127.0.0.1 /home/goods/showcart
INFO: [ app_begin ] --START--
INFO: Run Behavior\ReadHtmlCacheBehavior [ RunTime:0.002000s ]
INFO: [ app_begin ] --END-- [ RunTime:0.003000s ]
NOTIC: [8192] mysql_connect(): The mysql extension is deprecated and will be removed in the future: use mysqli or PDO instead C:\wamp\www\ThinkPHP\Library\Think\Db\Driver\Mysql.class.php 第 52 行.
SQL: SHOW COLUMNS FROM shop.goods [ RunTime:0.004001s ]
NOTIC: [8] Use of undefined constant json - assumed 'json' C:\wamp\www\Application\Home\Controller\GoodsController.class.php 第 130 行.

[ 2015-04-14T19:48:55+08:00 ] 127.0.0.1 /home/goods/showcart
INFO: [ app_begin ] --START--
INFO: Run Behavior\ReadHtmlCacheBehavior [ RunTime:0.002000s ]
INFO: [ app_begin ] --END-- [ RunTime:0.003000s ]
NOTIC: [8192] mysql_connect(): The mysql extension is deprecated and will be removed in the future: use mysqli or PDO instead C:\wamp\www\ThinkPHP\Library\Think\Db\Driver\Mysql.class.php 第 52 行.
SQL: SHOW COLUMNS FROM shop.goods [ RunTime:0.008000s ]
NOTIC: [8] Use of undefined constant json - assumed 'json' C:\wamp\www\Application\Home\Controller\GoodsController.class.php 第 130 行.

[ 2015-04-14T19:52:38+08:00 ] 127.0.0.1 /home/goods/showcart
INFO: [ app_begin ] --START--
INFO: Run Behavior\ReadHtmlCacheBehavior [ RunTime:0.003000s ]
INFO: [ app_begin ] --END-- [ RunTime:0.003000s ]
NOTIC: [8192] mysql_connect(): The mysql extension is deprecated and will be removed in the future: use mysqli or PDO instead C:\wamp\www\ThinkPHP\Library\Think\Db\Driver\Mysql.class.php 第 52 行.
SQL: SHOW COLUMNS FROM shop.goods [ RunTime:0.007000s ]
NOTIC: [8] Use of undefined constant json - assumed 'json' C:\wamp\www\Application\Home\Controller\GoodsController.class.php 第 130 行.

[ 2015-04-14T20:21:44+08:00 ] 127.0.0.1 /shop/public/ume/
ERR: 无法加载控制器:Shop

[ 2015-04-14T20:29:56+08:00 ] 127.0.0.1 /shop
ERR: 无法加载控制器:Shop

[ 2015-04-14T20:30:00+08:00 ] 127.0.0.1 /home/goods/showcart
INFO: [ app_begin ] --START--
INFO: Run Behavior\ReadHtmlCacheBehavior [ RunTime:0.001000s ]
INFO: [ app_begin ] --END-- [ RunTime:0.002000s ]
NOTIC: [8192] mysql_connect(): The mysql extension is deprecated and will be removed in the future: use mysqli or PDO instead C:\wamp\www\ThinkPHP\Library\Think\Db\Driver\Mysql.class.php 第 52 行.
SQL: SHOW COLUMNS FROM shop.goods [ RunTime:0.006000s ]
NOTIC: [8] Use of undefined constant json - assumed 'json' C:\wamp\www\Application\Home\Controller\GoodsController.class.php 第 130 行.

[ 2015-04-14T20:34:08+08:00 ] 127.0.0.1 /home/goods/showcart
INFO: [ app_begin ] --START--
INFO: Run Behavior\ReadHtmlCacheBehavior [ RunTime:0.002000s ]
INFO: [ app_begin ] --END-- [ RunTime:0.003000s ]
NOTIC: [8192] mysql_connect(): The mysql extension is deprecated and will be removed in the future: use mysqli or PDO instead C:\wamp\www\ThinkPHP\Library\Think\Db\Driver\Mysql.class.php 第 52 行.
SQL: SHOW COLUMNS FROM shop.goods [ RunTime:0.004000s ]
NOTIC: [8] Use of undefined constant json - assumed 'json' C:\wamp\www\Application\Home\Controller\GoodsController.class.php 第 130 行.

[ 2015-04-14T20:38:19+08:00 ] 127.0.0.1 /home/goods/content?id=8
ERR: 非法操作:content

[ 2015-04-14T20:38:23+08:00 ] 127.0.0.1 /home/goods/showcart
INFO: [ app_begin ] --START--
INFO: Run Behavior\ReadHtmlCacheBehavior [ RunTime:0.001000s ]
INFO: [ app_begin ] --END-- [ RunTime:0.003000s ]
NOTIC: [8192] mysql_connect(): The mysql extension is deprecated and will be removed in the future: use mysqli or PDO instead C:\wamp\www\ThinkPHP\Library\Think\Db\Driver\Mysql.class.php 第 52 行.
SQL: SHOW COLUMNS FROM shop.goods [ RunTime:0.006001s ]
NOTIC: [8] Use of undefined constant json - assumed 'json' C:\wamp\www\Application\Home\Controller\GoodsController.class.php 第 130 行.

[ 2015-04-14T20:43:29+08:00 ] 127.0.0.1 /home/goods/showcart
INFO: [ app_begin ] --START--
INFO: Run Behavior\ReadHtmlCacheBehavior [ RunTime:0.002000s ]
INFO: [ app_begin ] --END-- [ RunTime:0.003000s ]
NOTIC: [8192] mysql_connect(): The mysql extension is deprecated and will be removed in the future: use mysqli or PDO instead C:\wamp\www\ThinkPHP\Library\Think\Db\Driver\Mysql.class.php 第 52 行.
SQL: SHOW COLUMNS FROM shop.goods [ RunTime:0.006000s ]
NOTIC: [8] Use of undefined constant json - assumed 'json' C:\wamp\www\Application\Home\Controller\GoodsController.class.php 第 130 行.

[ 2015-04-14T20:51:12+08:00 ] 127.0.0.1 /home/goods/showcart
INFO: [ app_begin ] --START--
INFO: Run Behavior\ReadHtmlCacheBehavior [ RunTime:0.002000s ]
INFO: [ app_begin ] --END-- [ RunTime:0.003000s ]
NOTIC: [8192] mysql_connect(): The mysql extension is deprecated and will be removed in the future: use mysqli or PDO instead C:\wamp\www\ThinkPHP\Library\Think\Db\Driver\Mysql.class.php 第 52 行.
SQL: SHOW COLUMNS FROM shop.goods [ RunTime:0.004001s ]
NOTIC: [8] Use of undefined constant json - assumed 'json' C:\wamp\www\Application\Home\Controller\GoodsController.class.php 第 130 行.

